0.03
0.06
0.09
0.12
0.15
0.18
0.21
0.24
0.27
0.3
0.33
0.36
0.39
0.42
0.45
0.48
0.51
0.54
0.57
0.6
0.63
0.66
0.69
0.72
0.75
0.78
0.81
0.84
0.87
0.9
0.93
0.96
0.99
1.02
1.05
1.08
1.11
1.14
1.17
1.2
1.23
1.26
1.29
1.32
1.35
1.38
1.41
1.44
1.47
1.5
1.53
1.56
1.59
1.62
1.65
1.68
1.71
1.74
1.77
1.8
1.83
1.86
1.89
1.92
1.95
1.98
2.01
2.04
2.07
2.1
2.13
2.16
2.19
2.22
2.25
2.28
2.31
2.34
2.37
2.4
2.43
2.46
2.49
2.52
2.55
2.58
2.61
2.64
2.67
2.7
2.73
2.76
2.79
2.82
2.85
2.88
2.91
2.94
2.97
3
 -44863.9
1.29 -21145.3
1.32 7795.47
1.35 20582.7
1.38 11388.4
1.41 -4457.88
1.44 -5224.19
1.47 16307
1.5 45891.6
1.53 59002
1.56 41902.5
1.59 7402.54
1.62 -14940.5
1.65 -7270.34
1.68 19381.5
1.71 35713.4
1.74 22356.9
1.77 -11481.4
1.8 -36880.8
1.83 -32518.9
1.86 -4669.49
1.89 18311.1
1.92 12752.8
1.95 -17545.5
1.98 -44972.6
2.01 -44680.9
2.04 -18502.1
2.07 6815.34
2.1 5352.22
2.13 -21210.5
2.16 -43385.8
2.19 -34085.7
2.22 3482.49
2.25 38903.2
2.28 43827.9
2.31 19260.6
2.34 -5408.4
2.37 -691.01
2.4 34616.3
2.43 69286.3
2.46 66729.1
2.49 23198.5
2.52 -25614.7
2.55 -38935.1
2.58 -10149.3
2.61 26828.5
2.64 30199.4
2.67 -9488.78
2.7 -60243.5
2.73 -74005.4
2.76 -27490.3
2.79 49984.3
2.82 99302.2
2.85 88448.1
2.88 43322.8
2.91 22813.1
2.94 62113.3
2.97 138850
3 194618
