0.03 -2.04137e-05
0.06 -0.000102834
0.09 -0.000249585
0.12 -0.000401074
0.15 -0.000493145
0.18 -0.000518835
0.21 -0.000535072
0.24 -0.000607882
0.27 -0.00074884
0.3 -0.000903928
0.33 -0.000957101
0.36 -0.000793554
0.39 -0.000458649
0.42 -0.000162682
0.45 -7.8471e-05
0.48 -0.000175016
0.51 -0.00024734
0.54 -0.000113779
0.57 0.000209167
0.6 0.000522713
0.63 0.000611657
0.66 0.000426052
0.69 0.000154743
0.72 6.90632e-05
0.75 0.000261679
0.78 0.000557395
0.81 0.00068178
0.84 0.000525312
0.87 0.000248789
0.9 0.000128566
0.93 0.000256548
0.96 0.000417732
0.99 0.00033115
1.02 -4.56906e-05
1.05 -0.000475905
1.08 -0.000671237
1.11 -0.000569505
1.14 -0.000394455
1.17 -0.0004404
1.2 -0.000788946
1.23 -0.00115904
1.26 -0.00110611
1.29 -0.000521334
1.32 0.000192196
1.35 0.000507462
1.38 0.00028078
1.41 -0.000109908
1.44 -0.000128802
1.47 0.000402045
1.5 0.00113145
1.53 0.00145468
1.56 0.0010331
1.59 0.000182508
1.62 -0.000368356
1.65 -0.000179249
1.68 0.000477847
1.71 0.000880508
1.74 0.000551205
1.77 -0.000283072
1.8 -0.000909291
1.83 -0.000801748
1.86 -0.000115125
1.89 0.000451456
1.92 0.000314418
1.95 -0.000432582
1.98 -0.00110879
2.01 -0.0011016
2.04 -0.000456167
2.07 0.000168031
2.1 0.000131958
2.13 -0.000522941
2.16 -0.00106967
2.19 -0.000840376
2.22 8.58602e-05
2.25 0.000959151
2.28 0.00108057
2.31 0.000474867
2.34 -0.000133343
2.37 -1.70367e-05
2.4 0.00085346
2.43 0.00170824
2.46 0.00164519
2.49 0.000571954
2.52 -0.000631527
2.55 -0.000959938
2.58 -0.00025023
2.61 0.000661452
2.64 0.00074456
2.67 -0.000233944
2.7 -0.00148529
2.73 -0.00182459
2.76 -0.000677769
2.79 0.00123235
2.82 0.00244828
2.85 0.00218067
2.88 0.00106812
2.91 0.000562454
2.94 0.00153139
2.97 0.00342333
3 0.00479827
