0.03 
0.06 
0.09 
0.12 
0.15 
0.18 
0.21 
0.24 
0.27 
0.3 
0.3300000000000001 
0.3600000000000001 
0.3900000000000001 
0.4200000000000002 
0.4500000000000002 
0.4800000000000002 
0.5100000000000002 
0.5400000000000003 
0.5700000000000003 
0.6000000000000003 
0.6300000000000003 
0.6600000000000004 
0.6900000000000004 
0.7200000000000004 
0.7500000000000004 
0.7800000000000005 
0.8100000000000005 
0.8400000000000005 
0.8700000000000006 
0.9000000000000006 
0.9300000000000006 
0.9600000000000006 
0.9900000000000007 
1.020000000000001 
1.050000000000001 
1.080000000000001 
1.110000000000001 
1.140000000000001 
1.170000000000001 
1.200000000000001 
1.230000000000001 
1.260000000000001 
1.290000000000001 
1.320000000000001 
1.350000000000001 
1.380000000000001 
1.410000000000001 
1.440000000000001 
1.470000000000001 
1.500000000000001 
1.530000000000001 
1.560000000000001 
1.590000000000001 
1.620000000000001 
1.650000000000001 
1.680000000000001 
1.710000000000001 
1.740000000000001 
1.770000000000001 
1.800000000000001 
1.830000000000001 
1.860000000000001 
1.890000000000002 
1.920000000000002 
1.950000000000002 
1.980000000000002 
2.010000000000002 
2.040000000000001 
2.070000000000001 
2.100000000000001 
2.130000000000001 
2.160000000000001 
2.19 
2.22 
2.25 
2.28 
2.31 
2.339999999999999 
2.369999999999999 
2.399999999999999 
2.429999999999999 
2.459999999999999 
2.489999999999998 
2.519999999999998 
2.549999999999998 
2.579999999999998 
2.609999999999998 
2.639999999999998 
2.669999999999997 
2.699999999999997 
2.729999999999997 
2.759999999999997 
2.789999999999997 
2.819999999999996 
2.849999999999996 
2.879999999999996 
2.909999999999996 
2.939999999999996 
2.969999999999995 
2.999999999999995 
0000001 24113.39881727619 
1.560000000000001 17740.49588827178 
1.590000000000001 6507.063913490921 
1.620000000000001 -421.3211255574802 
1.650000000000001 1738.77559897776 
1.680000000000001 9009.30044409575 
1.710000000000001 12709.82415707451 
1.740000000000001 7830.154606187996 
1.770000000000001 -2351.793970908659 
1.800000000000001 -9650.638150727304 
1.830000000000001 -8918.849101785912 
1.860000000000001 -2850.138768247598 
1.890000000000002 867.597042669615 
1.920000000000002 -2970.26705939728 
1.950000000000002 -12243.31126337356 
1.980000000000002 -19758.96141115614 
2.010000000000002 -20229.5398303574 
2.040000000000001 -15212.08079678381 
2.070000000000001 -11404.73544558135 
2.100000000000001 -14135.28720191939 
2.130000000000001 -20642.92582139336 
2.160000000000001 -21240.34263417823 
2.19 -10436.44389806531 
2.22 6285.889840054122 
2.25 18027.36081990308 
2.28 18968.64551238157 
2.31 13706.56675928816 
2.339999999999999 12553.79079196008 
2.369999999999999 21587.51257743353 
2.399999999999999 37040.85938974427 
2.429999999999999 46483.64857920953 
2.459999999999999 38161.75361660661 
2.489999999999998 14812.50701114198 
2.519999999999998 -6698.033283529269 
2.549999999999998 -11810.89762991852 
2.579999999999998 -1974.154249453246 
2.609999999999998 7265.626286707075 
2.639999999999998 1449.504569406277 
2.669999999999997 -19147.53836889606 
2.699999999999997 -40272.20963171798 
2.729999999999997 -41621.53735392803 
2.759999999999997 -10229.88865216619 
2.789999999999997 41478.42528332362 
2.819999999999996 82270.65512375991 
2.849999999999996 92294.33071198282 
2.879999999999996 81481.52240454748 
2.909999999999996 79148.45083378289 
2.939999999999996 105601.0721636058 
2.969999999999995 153221.9863831948 
2.999999999999995 194617.8196578543 
