0.00000000000000e+00  0.00000000000000e+00  0.00000000000000e+00  0.00000000000000e+00  0.00000000000000e+00  
3.50000000000000e-01  1.26840138102890e-01  4.04671608452383e+00  1.00000000000000e+00  6.79822841736658e-02  
3.46380369627113e-01  1.45882262603249e-01  4.00754555038654e+00  9.89658198934610e-01  6.83289505905181e-02  
3.42740396365810e-01  1.65591771873061e-01  3.96861317161919e+00  9.79258275330886e-01  6.86918983281392e-02  
3.39079945163437e-01  1.85746062175003e-01  3.92991547877584e+00  9.68799843324107e-01  6.90646463466354e-02  
3.35398871789473e-01  2.06206056612286e-01  3.89144901213995e+00  9.58282490827064e-01  6.94409117084258e-02  
3.31695166120456e-01  2.26881665223769e-01  3.85318889706752e+00  9.47700474629875e-01  6.98148928516473e-02  
3.27972412195158e-01  2.47712593280502e-01  3.81517492628734e+00  9.37064034843309e-01  7.01801366297282e-02  
3.24228622743398e-01  2.68657327699565e-01  3.77738272125358e+00  9.26367493552565e-01  7.05311817893297e-02  
3.20463628019222e-01  2.89686592643566e-01  3.73980899294306e+00  9.15610365769205e-01  7.08624966472784e-02  
3.16677296272224e-01  3.10779327573273e-01  3.70245100852203e+00  9.04792275063499e-01  7.11687259406522e-02  
3.12869476074984e-01  3.31920137169273e-01  3.66530592679172e+00  8.93912788785668e-01  7.14447047370243e-02  
3.09040022880903e-01  3.53097627937209e-01  3.62837110575129e+00  8.82971493945437e-01  7.16854604041538e-02  
3.05188782768374e-01  3.74303295047415e-01  3.59164391631327e+00  8.71967950766783e-01  7.18862269399820e-02  
3.01315608698046e-01  3.95530760037742e-01  3.55512193137749e+00  8.60901739137274e-01  7.20424571998126e-02  
2.97420344204490e-01  4.16775237865721e-01  3.51880273932215e+00  8.49772412012829e-01  7.21498480312658e-02  
2.93500812131767e-01  4.38033157302775e-01  3.48266073777242e+00  8.38573748947906e-01  7.22049646776701e-02  
2.89560892373879e-01  4.59301885982714e-01  3.44674034523542e+00  8.27316835353941e-01  7.22029117004520e-02  
2.85598421239821e-01  4.80579528229269e-01  3.41101637341696e+00  8.15995489256633e-01  7.21408786328707e-02  
2.81613239080209e-01  5.01864774373489e-01  3.37548689181428e+00  8.04609254514882e-01  7.20158952147499e-02  
2.77605196052682e-01  5.23156787079342e-01  3.34015021888115e+00  7.93157703007662e-01  7.18254626179999e-02  
2.73574113740846e-01  5.44455114659605e-01  3.30500448215728e+00  7.81640324973847e-01  7.15676525624307e-02  
2.69519837459746e-01  5.65759624343817e-01  3.27004822509591e+00  7.70056678456417e-01  7.12411900643268e-02  
2.65442208315055e-01  5.87070450482939e-01  3.23528008819904e+00  7.58406309471586e-01  7.08455897304506e-02  
2.61341057747055e-01  6.08387954069225e-01  3.20069874989541e+00  7.46688736420158e-01  7.03813088040964e-02  
2.57216224078586e-01  6.29712690924797e-01  3.16630312162980e+00  7.34903497367389e-01  6.98499249743182e-02  
2.53065340178656e-01  6.51045386603087e-01  3.13206682404038e+00  7.23043829081874e-01  6.92552915591789e-02  
2.48892615398461e-01  6.72386916542936e-01  3.09803952707634e+00  7.11121758281317e-01  6.86001109794972e-02  
2.44695697161391e-01  6.93738290374841e-01  3.06419535023795e+00  6.99130563318260e-01  6.78917336570365e-02  
2.40474418051399e-01  7.15100639542928e-01  3.03053380133863e+00  6.87069765861141e-01  6.71389019177919e-02  
2.36228600818282e-01  7.36475207602059e-01  2.99705445430063e+00  6.74938859480806e-01  6.63530830798670e-02  
2.31958075088569e-01  7.57863342696127e-01  2.96375714840231e+00  6.62737357395911e-01  6.55489545926030e-02  
2.27662672549797e-01  7.79266491834592e-01  2.93064193960133e+00  6.50464778713706e-01  6.47449488188158e-02  
2.23342195972609e-01  8.00686196668975e-01  2.89770875047718e+00  6.38120559921741e-01  6.39638558970291e-02  
2.18996476008698e-01  8.22124090536307e-01  2.86495803356792e+00  6.25704217167709e-01  6.32333723799819e-02  
2.14625329855720e-01  8.43581896587261e-01  2.83239030292677e+00  6.13215228159199e-01  6.25866494200753e-02  
2.10226200928753e-01  8.65061426856590e-01  2.79997890729562e+00  6.00646288367867e-01  6.20637805795529e-02  
2.05803639104834e-01  8.86564582165117e-01  2.76777943306655e+00  5.88010397442382e-01  6.17074047108730e-02  
2.01355103600016e-01  9.08093352767784e-01  2.73576589334878e+00  5.75300296000047e-01  6.15691378429966e-02  
1.96880403096053e-01  9.29649819683037e-01  2.70393966952274e+00  5.62515437417294e-01  6.17041783319793e-02  
1.92379353133553e-01  9.51236156655545e-01  2.67230249194608e+00  5.49655294667293e-01  6.21708647024757e-02  
1.87851759088441e-01  9.72854632718597e-01  2.64085625663179e+00  5.36719311681261e-01  6.30284586921795e-02  
1.83297433189899e-01  9.94507615334447e-01  2.60960323573154e+00  5.23706951971139e-01  6.43344419117179e-02  
1.78716177439162e-01  1.01619757410138e+00  2.57854589563135e+00  5.10617649826177e-01  6.50874369720680e-02  
1.74107813490106e-01  1.03792708502557e+00  2.54768725812096e+00  4.97450895686016e-01  6.59930910887974e-02  
1.69472114361228e-01  1.05969883536418e+00  2.51703013007342e+00  4.84206041032081e-01  6.74101535640410e-02  
1.64806320712237e-01  1.08151562905418e+00  2.48654846266430e+00  4.70875202034962e-01  6.93334025411968e-02  
1.60115361682055e-01  1.10338039274876e+00  2.45630531084770e+00  4.57472461948727e-01  7.17484608243804e-02  
1.55396482331421e-01  1.12529618249093e+00  2.42627547071459e+00  4.43989949518345e-01  7.46366142898719e-02  
1.50649474105675e-01  1.14726619106108e+00  2.39646355353202e+00  4.30427068873356e-01  7.79748937669157e-02  
1.45874135274422e-01  1.16929375604344e+00  2.36687470769554e+00  4.16783243641207e-01  8.17386179892591e-02  
0.00000000000000e+00  0.00000000000000e+00  0.00000000000000e+00  0.00000000000000e+00  0.00000000000000e+00  
1.45874135274422e-01  1.16929375604344e+00  3.70164666699480e+00  4.16783243641207e-01  8.17386179892591e-02  
1.42874280886007e-01  1.18273600154480e+00  3.65539028701348e+00  4.08212231102877e-01  8.04919988648798e-02  
1.39864594996599e-01  1.19618276340975e+00  3.60911659725185e+00  3.99613128561711e-01  7.93416355524586e-02  
1.36847742866557e-01  1.20963374588505e+00  3.56288056431791e+00  3.90993551047307e-01  7.82859292171672e-02  
1.33818323269348e-01  1.22308868110226e+00  3.51657028371085e+00  3.82338066483852e-01  7.73234219923342e-02  
1.30778961483800e-01  1.23654732776930e+00  3.47023993159613e+00  3.73654175668000e-01  7.64528774298050e-02  
1.27729641847438e-01  1.25000946995320e+00  3.42388906386426e+00  3.64941833849822e-01  7.56732093263877e-02  
1.24673087938821e-01  1.26347491594771e+00  3.37757392819868e+00  3.56208822682345e-01  7.49835609429090e-02  
1.21603771681991e-01  1.27694349722018e+00  3.33118007125042e+00  3.47439347662831e-01  7.43829834121439e-02  
1.18524403274790e-01  1.29041506743233e+00  3.28476350275695e+00  3.38641152213685e-01  7.38708505521599e-02  
1.15434966937617e-01  1.30388950153000e+00  3.23832385399092e+00  3.29814191250335e-01  7.34465690174208e-02  
1.12338205045687e-01  1.31736669489760e+00  3.19191784051921e+00  3.20966300130535e-01  7.31097792979342e-02  
1.09228505329665e-01  1.33084656257293e+00  3.14542934733195e+00  3.12081443799042e-01  7.28597491875606e-02  
1.06108623931067e-01  1.34432903851874e+00  3.09891541623174e+00  3.03167496945905e-01  7.26962077897864e-02  
1.02978530892587e-01  1.35781407494749e+00  3.05237546803634e+00  2.94224373978820e-01  7.26187843830989e-02  
9.98410561981147e-02  1.37130164169611e+00  3.00586811513954e+00  2.85260160566042e-01  7.26273578212874e-02  
9.66904706821806e-02  1.38479172564783e+00  2.95927490977072e+00  2.76258487663373e-01  7.27211273574430e-02  
9.35295647020942e-02  1.39828433019833e+00  2.91265368887846e+00  2.67227327720269e-01  7.28999438737994e-02  
9.03583152209578e-02  1.41177947476379e+00  2.86600410528693e+00  2.58166614917022e-01  7.31634208103628e-02  
8.71796068486149e-02  1.42527719432849e+00  2.81938599203245e+00  2.49084590996043e-01  7.35114655355885e-02  
8.39875925720017e-02  1.43877753902986e+00  2.77267855535599e+00  2.39964550205719e-01  7.39430058526181e-02  
8.07851363120773e-02  1.45228057377911e+00  2.72594124815103e+00  2.30814675177364e-01  7.44578451407298e-02  
7.75722236673263e-02  1.46578637791554e+00  2.67917399772728e+00  2.21634924763789e-01  7.50554444170462e-02  
7.43517597267527e-02  1.47929504489309e+00  2.63243715857749e+00  2.12433599219293e-01  7.57356231258420e-02  
7.11177993353746e-02  1.49280668199750e+00  2.58560800623234e+00  2.03193712386785e-01  7.64969475915570e-02  
6.78732683556849e-02  1.50632141009282e+00  2.53874737697152e+00  1.93923623873385e-01  7.73391235294663e-02  
6.46181288122036e-02  1.51983936339594e+00  2.49185481442161e+00  1.84623225177725e-01  7.82614226004123e-02  
6.13553775125238e-02  1.53336068927811e+00  2.44499267697537e+00  1.75301078607211e-01  7.92635724900326e-02  
5.80789552664863e-02  1.54688554809246e+00  2.39803598954088e+00  1.65939872189961e-01  8.03438039756323e-02  
5.47918085369214e-02  1.56041411302645e+00  2.35104612574027e+00  1.56548024391204e-01  8.15017539382761e-02  
5.14939222114666e-02  1.57394656997857e+00  2.30402321592023e+00  1.47125492032762e-01  8.27365668611006e-02  
4.81883440705837e-02  1.58748311745857e+00  2.25703078943126e+00  1.37680983058811e-01  8.40479353374748e-02  
4.48688839236299e-02  1.60102396651036e+00  2.20994128003113e+00  1.28196811210371e-01  8.54338464229017e-02  
4.15385813130943e-02  1.61456934065725e+00  2.16281810913122e+00  1.18681660894555e-01  8.68939567263791e-02  
3.81974121242558e-02  1.62811947586885e+00  2.11566134588566e+00  1.09135463212159e-01  8.84273685950439e-02  
3.48484619033322e-02  1.64167462054923e+00  2.06853542919044e+00  9.95670340095207e-02  9.00338243993462e-02  
3.14854301537168e-02  1.65523503554590e+00  2.02131064213343e+00  8.99583718677623e-02  9.17111785596691e-02  
2.81114147747490e-02  1.66880099417941e+00  1.97405174836989e+00  8.03183279278544e-02  9.34591830856332e-02  
2.47263829158825e-02  1.68237278229305e+00  1.92675877475666e+00  7.06468083310928e-02  9.52769855147525e-02  
2.13335006152651e-02  1.69595069832255e+00  1.87949796764920e+00  6.09528589007573e-02  9.71644477616875e-02  
1.79263560128569e-02  1.70953505338551e+00  1.83213745211551e+00  5.12181600367339e-02  9.91193885116100e-02  
1.45080694280273e-02  1.72312617139026e+00  1.78474260568851e+00  4.14516269372208e-02  1.01141703514407e-01  
1.10786226213598e-02  1.73672438916404e+00  1.73731391173269e+00  3.16532074895994e-02  1.03230644944273e-01  
7.64124902663715e-03  1.75033005660018e+00  1.68991916954660e+00  2.18321400761062e-02  1.05386236301222e-01  
4.18938996283569e-03  1.76394353682398e+00  1.64242362971196e+00  1.19696856081020e-02  1.07606314198101e-01  
7.26263182221132e-04  1.77756520637707e+00  1.59489485343244e+00  2.07503766348895e-03  1.09890957109920e-01  
-2.74814971616438e-03  1.79119545541962e+00  1.66104766599932e+00  7.85185633189824e-03  1.12239548709685e-01  
-6.23059111184882e-03  1.80483468795002e+00  1.75762022325026e+00  1.78016888909966e-02  1.14652277206924e-01  
-9.72772023977703e-03  1.81848332204098e+00  1.85469978349086e+00  2.77934863993629e-02  1.17127043230680e-01  
-1.32362645284665e-02  1.83214179009125e+00  1.95221981692635e+00  3.78178986527614e-02  1.19664100521001e-01  
0.00000000000000e+00  0.00000000000000e+00  0.00000000000000e+00  0.00000000000000e+00  0.00000000000000e+00  
-1.32362645284665e-02  1.83214179009125e+00  1.99936762534817e+00  3.78178986527614e-02  1.19664100521001e-01  
-1.29160177679297e-02  1.83034114991019e+00  1.98830383664802e+00  3.69029079083705e-02  1.15514010072507e-01  
-1.25927171209043e-02  1.82856340249941e+00  1.97721109033218e+00  3.59791917740123e-02  1.11388538733241e-01  
-1.22730966778222e-02  1.82680833338529e+00  1.96625218256324e+00  3.50659905080635e-02  1.07286921407702e-01  
-1.19504106721343e-02  1.82507573169040e+00  1.95526301585011e+00  3.41440304918123e-02  1.03211643554331e-01  
-1.16313835689016e-02  1.82336539005278e+00  1.94440617194520e+00  3.32325244825760e-02  9.91622439707420e-02  
-1.13093104601410e-02  1.82167710454664e+00  1.93351856279776e+00  3.23123156004029e-02  9.51414783946503e-02  
-1.09908905807613e-02  1.82001067460466e+00  1.92276217642972e+00  3.14025445164609e-02  9.11493143911750e-02  
-1.06694441954504e-02  1.81836590294177e+00  1.91197455296399e+00  3.04841262727154e-02  8.71889131189205e-02  
-1.03516298014641e-02  1.81674259548078e+00  1.90131670977260e+00  2.95760851470404e-02  8.32608581870200e-02  
-1.00307772473456e-02  1.81514056127954e+00  1.89062643628174e+00  2.86593635638447e-02  7.93689263901409e-02  
-9.71356662294603e-03  1.81355961245994e+00  1.88006528999810e+00  2.77530474941315e-02  7.55145972025829e-02  
-9.39332174787499e-03  1.81199956413850e+00  1.86947093024108e+00  2.68380621367857e-02  7.17026013787364e-02  
-9.07672870794890e-03  1.81046023435875e+00  1.85900507565433e+00  2.59335105941397e-02  6.79357817821119e-02  
-8.75708977773187e-03  1.80894144402530e+00  1.84850487842555e+00  2.50202565078054e-02  6.42203802414920e-02  
-8.44108153905992e-03  1.80744301683955e+00  1.83813184172234e+00  2.41173758258855e-02  6.05613713243624e-02  
-8.12204684217854e-03  1.80596477923706e+00  1.82772411640484e+00  2.32058481205101e-02  5.69674422971677e-02  
-7.80663724062797e-03  1.80450656032660e+00  1.81744261299904e+00  2.23046778303656e-02  5.34469959886954e-02  
-7.49153841563843e-03  1.80306819183068e+00  1.80720656416729e+00  2.14043954732527e-02  5.00123865300304e-02  
-7.17340788582171e-03  1.80164950802774e+00  1.79693452635535e+00  2.04954511023478e-02  4.66788437694175e-02  
-6.85888965843218e-03  1.80025034569583e+00  1.78678724737234e+00  1.95968275955205e-02  4.34644735262039e-02  
-6.54135909225101e-03  1.79887054405774e+00  1.77660370028159e+00  1.86895974064315e-02  4.03937840802803e-02  
-6.22743527430281e-03  1.79750994472765e+00  1.76654404132330e+00  1.77926722122937e-02  3.74966213440385e-02  
-5.91051842707230e-03  1.79616839165914e+00  1.75644785902939e+00  1.68871955059209e-02  3.48113514355757e-02  
-5.59718732871600e-03  1.79484573109459e+00  1.74647434431586e+00  1.59919637963314e-02  3.23849698781332e-02  
-5.28085159727842e-03  1.79354181151591e+00  1.73646332551510e+00  1.50881474207955e-02  3.02735937816988e-02  
-4.96811155084304e-03  1.79225648359661e+00  1.72657452759742e+00  1.41946044309801e-02  2.85413448745502e-02  
-4.65238613182462e-03  1.79098960015508e+00  1.71664801645204e+00  1.32925318052132e-02  2.72532253651971e-02  
-4.34023546013868e-03  1.78974101610915e+00  1.70684255337483e+00  1.24006727432534e-02  2.64685243974856e-02  
-4.02508782658473e-03  1.78851058843180e+00  1.69699844190449e+00  1.15002509330992e-02  2.62242817332810e-02  
-3.71352487453153e-03  1.78729817610806e+00  1.68727497601179e+00  1.06100710700901e-02  2.65305296098602e-02  
-3.39896878337753e-03  1.78610364009305e+00  1.67751232150201e+00  9.71133938107866e-03  2.73604611368041e-02  
-3.08800727530140e-03  1.78492684327105e+00  1.66786993001750e+00  8.82287792943256e-03  2.86647527953775e-02  
-2.77732384126139e-03  1.78376765041570e+00  1.65826706825581e+00  7.93521097503255e-03  3.03757554539173e-02  
-2.46364856863979e-03  1.78262592815120e+00  1.64862413779598e+00  7.03899591039939e-03  3.24225228046211e-02  
-2.15354872482548e-03  1.78150154491450e+00  1.63910010881007e+00  6.15299635664424e-03  3.47433566323949e-02  
-1.84046084801009e-03  1.78039437091849e+00  1.62953551963724e+00  5.25845956574313e-03  3.72801054609543e-02  
-1.53095829499916e-03  1.77930427811612e+00  1.62008949734934e+00  4.37416655714047e-03  3.99900692417856e-02  
-1.21845615636018e-03  1.77823114016541e+00  1.61060206918790e+00  3.48130330388623e-03  4.28339679419436e-02  
-9.09518567524970e-04  1.77717483239537e+00  1.60123214744375e+00  2.59862447864277e-03  4.57858189481814e-02  
-5.97600531358378e-04  1.77613523177282e+00  1.59182073594956e+00  1.70743008959536e-03  4.88201581235654e-02  
-2.89241627350112e-04  1.77511221686995e+00  1.58252615997662e+00  8.26404649571748e-04  5.19219548334304e-02  
2.20786410596863e-05  1.77410566783280e+00  1.57426089478826e+00  6.30818315991036e-05  5.50743665797359e-02  
3.29860490922096e-04  1.77311546635045e+00  1.57996875513687e+00  9.42458545491703e-04  5.82689627074731e-02  
6.40615236182696e-04  1.77214149562501e+00  1.58577845545667e+00  1.83032924623627e-03  6.14940837502744e-02  
9.47821640982061e-04  1.77118364034235e+00  1.59153159601054e+00  2.70806183137732e-03  6.47452565022672e-02  
1.25799717776881e-03  1.77024178664355e+00  1.59738598573425e+00  3.59427765076803e-03  6.80139563947506e-02  
1.56461448446071e-03  1.76931582209706e+00  1.60318308384915e+00  4.47032709845918e-03  7.12981036370828e-02  
1.87421243974517e-03  1.76840563567153e+00  1.60908122579863e+00  5.35489268498620e-03  7.45911123097953e-02  
2.18027278860533e-03  1.76751111770929e+00  1.61492209889784e+00  6.22935082458666e-03  7.78923827182695e-02  
0.00000000000000e+00  0.00000000000000e+00  0.00000000000000e+00  0.00000000000000e+00  0.00000000000000e+00  
2.18027278860533e-03  1.76751111770929e+00  1.61307991118029e+00  6.22935082458666e-03  7.78923827182695e-02  
2.16102384689631e-03  1.76747212112039e+00  1.61256043838538e+00  6.17435384827519e-03  7.66942586861517e-02  
2.14501389891547e-03  1.76743475413303e+00  1.61211966020783e+00  6.12861113975849e-03  7.54929150485022e-02  
2.12575345166122e-03  1.76739902132717e+00  1.61160568949015e+00  6.07358129046062e-03  7.42909602708952e-02  
2.10973529272440e-03  1.76736492730059e+00  1.61117050636668e+00  6.02781512206972e-03  7.30857835299652e-02  
2.09047859050127e-03  1.76733247666895e+00  1.61066242648915e+00  5.97279597286076e-03  7.18799901882041e-02  
2.07119839501496e-03  1.76730167406592e+00  1.61015671033649e+00  5.91770970004275e-03  7.06722873317673e-02  
2.05516434689351e-03  1.76727252414329e+00  1.60972989619170e+00  5.87189813398146e-03  6.94613600357565e-02  
2.03587480958234e-03  1.76724503157106e+00  1.60922981285811e+00  5.81678517023525e-03  6.82498226618777e-02  
2.01657702796698e-03  1.76721920103754e+00  1.60873247449697e+00  5.76164865133423e-03  6.70363695851289e-02  
2.00052706548520e-03  1.76719503724946e+00  1.60831410171966e+00  5.71579161567201e-03  6.58196914147666e-02  
1.98121992693273e-03  1.76717254493209e+00  1.60782244483692e+00  5.66062836266495e-03  6.46024047482533e-02  
1.96515952500326e-03  1.76715172882933e+00  1.60740974470035e+00  5.61474150000931e-03  6.33818940935961e-02  
1.94585391590790e-03  1.76713259370381e+00  1.60692405718817e+00  5.55958261687972e-03  6.21607715675636e-02  
1.92652915414038e-03  1.76711514433703e+00  1.60644090067718e+00  5.50436901182965e-03  6.09377403727769e-02  
1.91045280252872e-03  1.76709938552945e+00  1.60603676514272e+00  5.45843657865348e-03  5.97114867691693e-02  
1.89111427224903e-03  1.76708532210058e+00  1.60555927017663e+00  5.40318363499722e-03  5.84846317984900e-02  
1.87502745594381e-03  1.76707295888914e+00  1.60516089043264e+00  5.35722130269661e-03  5.72545556342848e-02  
1.85567953360644e-03  1.76706230075313e+00  1.60468919336363e+00  5.30194152458982e-03  5.60238814427474e-02  
1.83632553057461e-03  1.76705335256995e+00  1.60422037565804e+00  5.24664437307032e-03  5.47913014216394e-02  
1.82022052949371e-03  1.76704611923656e+00  1.60383063538878e+00  5.20063008426774e-03  5.35555072478228e-02  
1.80087022529180e-03  1.76704060566950e+00  1.60336797350418e+00  5.14534350083370e-03  5.23191169729170e-02  
1.78475693205465e-03  1.76703681680511e+00  1.60298412573599e+00  5.09930552015616e-03  5.10795231330355e-02  
1.76537752111722e-03  1.76703475759958e+00  1.60252688659240e+00  5.04393577462062e-03  4.98393493482185e-02  
1.74599421126997e-03  1.76703443302910e+00  1.60207262135231e+00  4.98855488934278e-03  4.85972860637275e-02  
1.72986488997384e-03  1.76703584808994e+00  1.60169759395872e+00  4.94247111421098e-03  4.73520248172733e-02  
1.71046995149915e-03  1.76703900779863e+00  1.60124921338619e+00  4.88705700428328e-03  4.61061997493855e-02  
1.69106671252484e-03  1.76704391719202e+00  1.60080373030777e+00  4.83161917864239e-03  4.48585045607142e-02  
1.67492134018715e-03  1.76705058132745e+00  1.60043760259850e+00  4.78548954339186e-03  4.36076286520604e-02  
1.65552397428848e-03  1.76705900528282e+00  1.59999846747615e+00  4.73006849796707e-03  4.23562076312851e-02  
1.63936587641178e-03  1.76706919415679e+00  1.59963827046024e+00  4.68390250403366e-03  4.11016310219357e-02  
1.61994153612349e-03  1.76708115306883e+00  1.59920475067286e+00  4.62840438892426e-03  3.98465375017448e-02  
1.60051107873455e-03  1.76709488715936e+00  1.59877422475703e+00  4.57288879638442e-03  3.85896239520686e-02  
1.58433909003247e-03  1.76711040158995e+00  1.59842311380609e+00  4.52668311437849e-03  3.73295848847829e-02  
1.56489476084803e-03  1.76712770154331e+00  1.59799856493308e+00  4.47112788813724e-03  3.60690791559593e-02  
1.54871221702801e-03  1.76714679222358e+00  1.59765352718666e+00  4.42489204865147e-03  3.48054828094288e-02  
1.52925840447338e-03  1.76716767885633e+00  1.59723509522997e+00  4.36930972706679e-03  3.35414649589970e-02  
1.50981160101787e-03  1.76719036668874e+00  1.59682001082773e+00  4.31374743147964e-03  3.22757262392216e-02  
1.49361293209271e-03  1.76721486098975e+00  1.59648414619275e+00  4.26746552026490e-03  3.10069833077986e-02  
1.47414129137530e-03  1.76724116705017e+00  1.59607487578733e+00  4.21183226107228e-03  2.97379211517159e-02  
1.45793204238720e-03  1.76726929018282e+00  1.59574517787259e+00  4.16552012110629e-03  2.84659303739169e-02  
1.43844648951458e-03  1.76729923572267e+00  1.59534201530939e+00  4.10984711289879e-03  2.71937243203816e-02  
1.41895699316080e-03  1.76733100902696e+00  1.59494199160369e+00  4.05416283760229e-03  2.59200388398761e-02  
1.40273157813803e-03  1.76736461547536e+00  1.59462160883160e+00  4.00780450896579e-03  2.46436190495917e-02  
1.38322815216607e-03  1.76740006047009e+00  1.59422775050147e+00  3.95208043476020e-03  2.33672325542227e-02  
1.36373613644181e-03  1.76743734943608e+00  1.59383741960144e+00  3.89638896126230e-03  2.20896586945500e-02  
1.34749453462502e-03  1.76747648782109e+00  1.59352643908258e+00  3.84998438464290e-03  2.08097190977133e-02  
1.32797541726265e-03  1.76751748109587e+00  1.59314202410685e+00  3.79421547789329e-03  1.95302827375983e-02  
1.31172099019644e-03  1.76756033475429e+00  1.59283731349549e+00  3.74777425770412e-03  1.82489062263495e-02  
1.29219011867171e-03  1.76760505431350e+00  1.59245921342763e+00  3.69197176763346e-03  1.69686057053446e-02  
0.00000000000000e+00  0.00000000000000e+00  0.00000000000000e+00  0.00000000000000e+00  0.00000000000000e+00  
1.29219011867171e-03  1.76760505431350e+00  1.59263213212943e+00  3.69197176763346e-03  1.69686057053446e-02  
1.26548018747569e-03  1.76769228773126e+00  1.59215757502062e+00  3.61565767850196e-03  1.64163115994368e-02  
1.24204031594050e-03  1.76777987595832e+00  1.59176063036233e+00  3.54868661697285e-03  1.58624920686910e-02  
1.21532227594562e-03  1.76786781943221e+00  1.59128715290679e+00  3.47234935984462e-03  1.53098792750621e-02  
1.19185956704532e-03  1.76795611859133e+00  1.59089094292501e+00  3.40531304870091e-03  1.47557888563716e-02  
1.16513341314695e-03  1.76804477387492e+00  1.59041854847769e+00  3.32895260899127e-03  1.42029520094173e-02  
1.13840303420365e-03  1.76813378572305e+00  1.58994669288581e+00  3.25258009772471e-03  1.36500492029855e-02  
1.11494434578030e-03  1.76822315457667e+00  1.58955249248917e+00  3.18555527365800e-03  1.30957534719421e-02  
1.08820584876923e-03  1.76831288087756e+00  1.58908172505072e+00  3.10915956791209e-03  1.25428349800894e-02  
1.06146312382482e-03  1.76840296506839e+00  1.58861149903055e+00  3.03275178235664e-03  1.19899832137435e-02  
1.03797768713804e-03  1.76849340759267e+00  1.58821859181157e+00  2.96565053468010e-03  1.14358967008701e-02  
1.01122683710825e-03  1.76858420889475e+00  1.58774945905985e+00  2.88921953459499e-03  1.08833746462230e-02  
9.87749309971475e-04  1.76867536941989e+00  1.58735802433501e+00  2.82214088563279e-03  1.03297714859045e-02  
9.60990332590672e-04  1.76876688961419e+00  1.58688998833928e+00  2.74568666454478e-03  9.77794535873996e-03  
9.34227122477593e-04  1.76885876992462e+00  1.58642249807495e+00  2.66922034993598e-03  9.22666157620895e-03  
9.10738219198015e-04  1.76895101079902e+00  1.58603273166774e+00  2.60210919770861e-03  8.67470943085927e-03  
8.83951482424317e-04  1.76904361268612e+00  1.58556598100032e+00  2.52557566406948e-03  8.12507862730125e-03  
8.60455094715884e-04  1.76913657603552e+00  1.58517733361545e+00  2.45844312775967e-03  7.57526793156510e-03  
8.33675613577112e-04  1.76922990129769e+00  1.58471205074683e+00  2.38193032450603e-03  7.02843131531131e-03  
8.06891894900019e-04  1.76932358892400e+00  1.58424731797498e+00  2.30540541400006e-03  6.48367691407963e-03  
7.83384117858776e-04  1.76941763936670e+00  1.58386035203277e+00  2.23824033673936e-03  5.94027794823279e-03  
7.56592256924649e-04  1.76951205307891e+00  1.58339672999739e+00  2.16169216264185e-03  5.40197497852341e-03  
7.33061586043970e-04  1.76960683051466e+00  1.58301052934807e+00  2.09446167441134e-03  4.86732157450734e-03  
7.06261577723799e-04  1.76970197212887e+00  1.58254802155376e+00  2.01789022206800e-03  4.34111765540241e-03  
6.79457327051436e-04  1.76979747837735e+00  1.58208606827462e+00  1.94130664871839e-03  3.82503579694232e-03  
6.55928445774001e-04  1.76989334971681e+00  1.58170187289697e+00  1.87408127364000e-03  3.32258169993860e-03  
6.29116043374345e-04  1.76998958660485e+00  1.58124103922706e+00  1.79747440964099e-03  2.84473032625947e-03  
6.02299395717820e-04  1.77008618950000e+00  1.58078076274886e+00  1.72085541633663e-03  2.40420332347163e-03  
5.78745901841093e-04  1.77018315886168e+00  1.58039795936647e+00  1.65355971954598e-03  2.02461243307697e-03  
5.51921095556129e-04  1.77028049515021e+00  1.57993880784450e+00  1.57691741587466e-03  1.74968781136546e-03  
5.28375505078060e-04  1.77037819882684e+00  1.57955750936571e+00  1.50964430022303e-03  1.63103929006050e-03  
5.01542537883315e-04  1.77047627035371e+00  1.57909948644113e+00  1.43297867966661e-03  1.70357942805874e-03  
4.74705320606894e-04  1.77057471019390e+00  1.57864202521330e+00  1.35630091601970e-03  1.94549310557583e-03  
4.51148306375493e-04  1.77067351881140e+00  1.57826244305275e+00  1.28899516107284e-03  2.30485227475595e-03  
4.24287503608956e-04  1.77077269667112e+00  1.57780575290117e+00  1.21225001031130e-03  2.73532068125507e-03  
4.00722973534773e-04  1.77087224423890e+00  1.57742732196577e+00  1.14492278152792e-03  3.20962286432195e-03  
3.73869418029193e-04  1.77097216198151e+00  1.57697213243651e+00  1.06819833722627e-03  3.70986786405833e-03  
3.47011607609582e-04  1.77107245036662e+00  1.57651750916426e+00  9.91461736027377e-04  4.22747715094102e-03  
3.23435640520842e-04  1.77117310986289e+00  1.57614080825707e+00  9.24101830059548e-04  4.75796203348381e-03  
2.96569654204104e-04  1.77127414093987e+00  1.57568732818652e+00  8.47341869154583e-04  5.29583120322943e-03  
2.72970736552192e-04  1.77137554406806e+00  1.57531142457338e+00  7.79916390149119e-04  5.84097857046811e-03  
2.46096569184728e-04  1.77147731971890e+00  1.57485909136746e+00  7.03133054813510e-04  6.38973910327500e-03  
2.19218142063937e-04  1.77157946836479e+00  1.57440732903498e+00  6.26337548754106e-04  6.94216611555855e-03  
1.95623200085315e-04  1.77168199047906e+00  1.57403353245771e+00  5.58923428815187e-04  7.49869146096738e-03  
1.68736587697393e-04  1.77178488653599e+00  1.57358292260117e+00  4.82104536278267e-04  8.05647656432159e-03  
1.41845712635702e-04  1.77188815701083e+00  1.57313288641493e+00  4.05273464673434e-04  8.61627178070555e-03  
1.18223876549528e-04  1.77199180237976e+00  1.57276047879181e+00  3.37782504427223e-04  9.17896226885826e-03  
9.13248091332641e-05  1.77209582311994e+00  1.57231160066660e+00  2.60928026095040e-04  9.74195278807261e-03  
6.77108701999107e-05  1.77220021970947e+00  1.57194073178012e+00  1.93459629142602e-04  1.03074432911528e-02  
4.08036081322449e-05  1.77230499262744e+00  1.57149301551970e+00  1.16581737520700e-04  1.08728852938397e-02  
0.00000000000000e+00  0.00000000000000e+00  0.00000000000000e+00  0.00000000000000e+00  0.00000000000000e+00  
4.08036081322449e-05  1.77230499262744e+00  1.57149634241986e+00  1.16581737520700e-04  1.08728852938397e-02  
3.97761205450098e-05  1.77230425625056e+00  1.57147076637287e+00  1.13646058700028e-04  1.06936563795974e-02  
3.87508768541767e-05  1.77230355528198e+00  1.57144530608523e+00  1.10716791011933e-04  1.05144696668313e-02  
4.10129952524985e-05  1.77230288970697e+00  1.57149756147706e+00  1.17179986435710e-04  1.03365331462892e-02  
3.99855464714993e-05  1.77230225951083e+00  1.57147217453266e+00  1.14244418489998e-04  1.01574284214777e-02  
3.89603414479578e-05  1.77230166467886e+00  1.57144690326590e+00  1.11315261279879e-04  9.97836660185227e-03  
3.79329562769648e-05  1.77230110519637e+00  1.57142164315071e+00  1.08379875077042e-04  9.79934619740748e-03  
3.69056029315695e-05  1.77230058104866e+00  1.57139644641146e+00  1.05444579804484e-04  9.62036838898051e-03  
3.91675213005094e-05  1.77230009222106e+00  1.57144901032967e+00  1.11907203715741e-04  9.44264056627551e-03  
3.81423867245601e-05  1.77229963869890e+00  1.57142399117161e+00  1.08978247784457e-04  9.26374923766212e-03  
3.71150721792390e-05  1.77229922046752e+00  1.57139898306508e+00  1.06043063369254e-04  9.08490062672524e-03  
3.60877894553524e-05  1.77229883751228e+00  1.57137403823025e+00  1.03107969872435e-04  8.90609600789447e-03  
3.50627501681799e-05  1.77229848981852e+00  1.57134920888314e+00  1.00179286194800e-04  8.72733669567740e-03  
3.73244685010765e-05  1.77229817737162e+00  1.57140208067636e+00  1.06641338574504e-04  8.54982544682666e-03  
3.62972245752657e-05  1.77229790015694e+00  1.57137732416218e+00  1.03706355929331e-04  8.37115483519350e-03  
3.52722239471692e-05  1.77229765815987e+00  1.57135268305457e+00  1.00777782706198e-04  8.19253101647658e-03  
3.42450436123243e-05  1.77229745136579e+00  1.57132805284892e+00  9.78429817494979e-05  8.01395282288427e-03  
3.32178950926409e-05  1.77229727976012e+00  1.57130348575913e+00  9.49082716932599e-05  7.83542178515347e-03  
3.54816248227530e-05  1.77229714332825e+00  1.57135671701620e+00  1.01376070922151e-04  7.65813975010539e-03  
3.44544832819871e-05  1.77229704205560e+00  1.57133227474233e+00  9.84413808056774e-05  7.47970433255148e-03  
3.34273735541069e-05  1.77229697592759e+00  1.57130789550670e+00  9.55067815831625e-05  7.30131836637766e-03  
3.24002956383351e-05  1.77229694492966e+00  1.57128357928344e+00  9.25722732523861e-05  7.12298278780152e-03  
3.13754606998118e-05  1.77229694904725e+00  1.57125937827816e+00  8.96441734280337e-05  6.94469951037000e-03  
3.36367791346492e-05  1.77229698826580e+00  1.57131286388118e+00  9.61050832418550e-05  6.76766326284920e-03  
3.26097400089598e-05  1.77229706257078e+00  1.57128873520225e+00  9.31706857398851e-05  6.58948431687194e-03  
3.16003769063600e-05  1.77229717194765e+00  1.57126508621814e+00  9.02867911610285e-05  6.41136671838650e-03  
3.05734010920267e-05  1.77229731638189e+00  1.57124108332463e+00  8.73525745486476e-05  6.23329962575688e-03  
3.28345441180100e-05  1.77229749585897e+00  1.57129481336404e+00  9.38129831943143e-05  6.05648130454814e-03  
3.18097862212485e-05  1.77229771036439e+00  1.57127098704846e+00  9.08851034892815e-05  5.87853245050508e-03  
3.07828491925566e-05  1.77229795988364e+00  1.57124717131317e+00  8.79509976930188e-05  5.70064520279251e-03  
2.97559439677575e-05  1.77229824440224e+00  1.57122341835847e+00  8.50169827650214e-05  5.52282290543779e-03  
2.87290705447418e-05  1.77229856390570e+00  1.57119972815868e+00  8.20830586992624e-05  5.34506834306224e-03  
3.09922244574601e-05  1.77229891837954e+00  1.57125381584536e+00  8.85492127356002e-05  5.16856745803307e-03  
2.99653580163040e-05  1.77229930780930e+00  1.57123024974104e+00  8.56153086180113e-05  4.99095623302315e-03  
2.89385233749329e-05  1.77229973218052e+00  1.57120674631477e+00  8.26814953569510e-05  4.81342352045376e-03  
2.79139311123999e-05  1.77230019147874e+00  1.57118335775853e+00  7.97540888925712e-05  4.63597496519684e-03  
2.68871600236364e-05  1.77230068568952e+00  1.57115997961056e+00  7.68204572103899e-05  4.45861433350171e-03  
2.91479033917574e-05  1.77230121479843e+00  1.57121431986284e+00  8.32797239764498e-05  4.28251856150925e-03  
2.81233497720912e-05  1.77230177879104e+00  1.57119111777014e+00  8.03524279202605e-05  4.10535363638863e-03  
2.70966174606424e-05  1.77230237765294e+00  1.57116792601236e+00  7.74189070304069e-05  3.92829918425775e-03  
2.60699169432055e-05  1.77230301136970e+00  1.57114479677936e+00  7.44854769805871e-05  3.75136660015029e-03  
2.50454585294380e-05  1.77230367992694e+00  1.57112178225686e+00  7.15584529412513e-05  3.57456934755679e-03  
2.73060021073190e-05  1.77230438331026e+00  1.57117642665863e+00  7.80171488780544e-05  3.39907120956976e-03  
2.62793403654205e-05  1.77230512150527e+00  1.57115348351016e+00  7.50838296154870e-05  3.22258560096729e-03  
2.52527104138145e-05  1.77230589449760e+00  1.57113060278466e+00  7.21506011823271e-05  3.04629025498215e-03  
2.42283223814144e-05  1.77230670227287e+00  1.57110783666366e+00  6.92237782326125e-05  2.87021425345790e-03  
2.32017559627096e-05  1.77230754481673e+00  1.57108508070684e+00  6.62907313220273e-05  2.69439138526611e-03  
2.54620998406674e-05  1.77230842211483e+00  1.57114002862470e+00  7.27488566876211e-05  2.51998379135419e-03  
2.44377504430293e-05  1.77230933415281e+00  1.57111744820412e+00  6.98221441229409e-05  2.34480903723357e-03  
2.34112227935346e-05  1.77231028091635e+00  1.57109487787491e+00  6.68892079815274e-05  2.17006755000655e-03  
0.00000000000000e+00  0.00000000000000e+00  0.00000000000000e+00  0.00000000000000e+00  0.00000000000000e+00  
2.34112227935346e-05  1.77231028091635e+00  1.57109434810160e+00  6.68892079815274e-05  2.17006755000655e-03  
2.43094705315028e-05  1.77231180696023e+00  1.57111825050257e+00  6.94556300900080e-05  2.10120972904561e-03  
2.19232018855986e-05  1.77231333842304e+00  1.57106465110476e+00  6.26377196731388e-05  2.03129615461930e-03  
2.28368692903880e-05  1.77231487530391e+00  1.57108893660614e+00  6.52481979725371e-05  1.96250976859309e-03  
2.04484213263689e-05  1.77231641760196e+00  1.57103530498672e+00  5.84240609324827e-05  1.89267546883127e-03  
2.13488655152472e-05  1.77231796531632e+00  1.57105929763814e+00  6.09967586149919e-05  1.82396527756769e-03  
2.22470823585397e-05  1.77231951844612e+00  1.57108324732664e+00  6.35630924529705e-05  1.75529825460627e-03  
1.98763116878720e-05  1.77232107699050e+00  1.57103006167509e+00  5.67894619653485e-05  1.68561920704804e-03  
2.07745217586375e-05  1.77232264094857e+00  1.57105403039978e+00  5.93557764532499e-05  1.61706018793214e-03  
1.83861458636358e-05  1.77232421031947e+00  1.57100044847496e+00  5.25318453246739e-05  1.54750754223316e-03  
1.92865590721847e-05  1.77232578510232e+00  1.57102448838151e+00  5.51044544919562e-05  1.47908550443253e-03  
2.01847450246873e-05  1.77232736529626e+00  1.57104848531968e+00  5.76707000705350e-05  1.41074121493971e-03  
1.78118361470192e-05  1.77232895090041e+00  1.57099529717956e+00  5.08909604200549e-05  1.34145771543439e-03  
1.87122250681071e-05  1.77233054191391e+00  1.57101936528649e+00  5.34635001945917e-05  1.27331580790547e-03  
1.63239212394584e-05  1.77233213833588e+00  1.57096583301825e+00  4.66397749698810e-05  1.20427974361180e-03  
1.72243034720077e-05  1.77233374016546e+00  1.57098992014211e+00  4.92122956343076e-05  1.13641112396185e-03  
1.48514555019519e-05  1.77233534740177e+00  1.57093677178890e+00  4.24327300055768e-05  1.06772494180453e-03  
1.57496212779829e-05  1.77233696004395e+00  1.57096082577524e+00  4.49989179370939e-05  1.00024068118325e-03  
1.66499792261243e-05  1.77233857809112e+00  1.57098494107681e+00  4.75713692174981e-05  9.33003996030498e-04  
1.42617474618301e-05  1.77234020154242e+00  1.57093145842721e+00  4.07478498909430e-05  8.65132459372229e-04  
1.51598891243721e-05  1.77234183039698e+00  1.57095554058621e+00  4.33139689267773e-05  7.98599031488835e-04  
1.27893223681452e-05  1.77234346465392e+00  1.57090249397029e+00  3.65409210518435e-05  7.31670531212901e-04  
1.36874572615464e-05  1.77234510431239e+00  1.57092659512311e+00  3.91070207472755e-05  6.66281151606860e-04  
1.45855746960799e-05  1.77234674937151e+00  1.57095070543844e+00  4.16730705602283e-05  6.01727664313900e-04  
1.21996245375788e-05  1.77234839983041e+00  1.57089732451267e+00  3.48560701073681e-05  5.37565412402571e-04  
1.31131596896039e-05  1.77235005568824e+00  1.57092181781570e+00  3.74661705417255e-05  4.75808019122866e-04  
1.07272400897696e-05  1.77235171694410e+00  1.57086845675256e+00  3.06492573993416e-05  4.15796028253720e-04  
1.16253441044822e-05  1.77235338359715e+00  1.57089260503415e+00  3.32152688699493e-05  3.59944340939391e-04  
1.25234306616040e-05  1.77235505564652e+00  1.57091676247071e+00  3.57812304617257e-05  3.09481042428406e-04  
1.01529765134112e-05  1.77235673309132e+00  1.57086379507814e+00  2.90085043240320e-05  2.67506500096878e-04  
1.10510563032240e-05  1.77235841593071e+00  1.57088797148439e+00  3.15744465806400e-05  2.38794936677891e-04  
8.66299926605141e-06  1.77236010416381e+00  1.57083460780706e+00  2.47514264744326e-05  2.28853895266799e-04  
9.56328181367372e-06  1.77236179778975e+00  1.57085885531962e+00  2.73236623247821e-05  2.38900233431957e-04  
1.04613374981022e-05  1.77236349680768e+00  1.57088305983978e+00  2.98895357088634e-05  2.67031409489549e-04  
8.08874551766481e-06  1.77236520121671e+00  1.57083008980105e+00  2.31107014790423e-05  3.09687151312284e-04  
8.98900378998313e-06  1.77236691101599e+00  1.57085436541446e+00  2.56828679713804e-05  3.59665453047764e-04  
6.60101880861630e-06  1.77236862620466e+00  1.57080105122712e+00  1.88600537389037e-05  4.16544792859441e-04  
7.50127039783610e-06  1.77237034678183e+00  1.57082534579109e+00  2.14322011366746e-05  4.75578328461155e-04  
5.12873931590718e-06  1.77237207274666e+00  1.57077241540606e+00  1.46535409025920e-05  5.38381154867714e-04  
6.02677483985126e-06  1.77237380409827e+00  1.57079667677529e+00  1.72193566852893e-05  6.01433593690192e-04  
6.92700215682018e-06  1.77237554083580e+00  1.57082099941757e+00  1.97914347337720e-05  6.65662086466287e-04  
4.53908922881663e-06  1.77237728295838e+00  1.57076773468249e+00  1.29688263680475e-05  7.32117660475664e-04  
5.43710065137315e-06  1.77237903046515e+00  1.57079202412504e+00  1.55345732896376e-05  7.97853210768228e-04  
3.06685038697907e-06  1.77238078335525e+00  1.57073919530191e+00  8.76242967708306e-06  8.65425012903636e-04  
3.96485504583488e-06  1.77238254162780e+00  1.57076350367205e+00  1.13281572738139e-05  9.32047451121987e-04  
4.86505141084059e-06  1.77238430528195e+00  1.57078787330567e+00  1.39001468881160e-05  9.98983284714232e-04  
2.47721053392436e-06  1.77238607431683e+00  1.57073465798517e+00  7.07774438264102e-06  1.06749168982910e-03  
3.39061350917991e-06  1.77238784873158e+00  1.57075935836019e+00  9.68746716908545e-06  1.13487730254470e-03  
1.00501234451267e-06  1.77238962852533e+00  1.57070621496991e+00  2.87146384146477e-06  1.20374577234696e-03  
1.90298614216600e-06  1.77239141369723e+00  1.57073057030347e+00  5.43710326333142e-06  1.27144829818368e-03  
0.00000000000000e+00  0.00000000000000e+00  0.00000000000000e+00  0.00000000000000e+00  0.00000000000000e+00  
1.90298614216600e-06  1.77239141369723e+00  1.57073055325201e+00  5.43710326333142e-06  1.27144829818368e-03  
2.41007881057742e-06  1.77239146172097e+00  1.57074260072092e+00  6.88593945879263e-06  1.22974550455460e-03  
2.91496670035141e-06  1.77239151164940e+00  1.57075459955480e+00  8.32847628671831e-06  1.18804270143956e-03  
3.42206802222966e-06  1.77239156348270e+00  1.57076665397989e+00  9.77733720637047e-06  1.14633824644678e-03  
6.43359194141269e-07  1.77239161722105e+00  1.57070119928678e+00  1.83816912611791e-06  1.10593510143005e-03  
1.14824748081999e-06  1.77239167286464e+00  1.57071320825954e+00  3.28070708805710e-06  1.06423108555386e-03  
1.65534923324273e-06  1.77239173041364e+00  1.57072527282525e+00  4.72956923783637e-06  1.02252596380625e-03  
2.17566890597931e-06  1.77239178986825e+00  1.57073765258012e+00  6.21619687422660e-06  9.80815615680313e-04  
2.68277937393036e-06  1.77239185122863e+00  1.57074972410670e+00  7.66508392551530e-06  9.39110761484148e-04  
3.18989417369409e-06  1.77239191449498e+00  1.57076179911359e+00  9.11398335341167e-06  8.97406496333422e-04  
4.08895082570915e-07  1.77239197966747e+00  1.57069631065881e+00  1.16827166448833e-06  8.57011170366692e-04  
9.16005981399515e-07  1.77239204674629e+00  1.57070839233088e+00  2.61715994685576e-06  8.15310394513744e-04  
1.42312121159671e-06  1.77239211573162e+00  1.57072047748421e+00  4.06606060456203e-06  7.73611717101795e-04  
1.92803154702714e-06  1.77239218662364e+00  1.57073251400333e+00  5.50866156293469e-06  7.31916715736047e-04  
2.43515543130179e-06  1.77239225942253e+00  1.57074460611995e+00  6.95758694657656e-06  6.90224505379231e-04  
2.94007440138078e-06  1.77239233412849e+00  1.57075664960255e+00  8.40021257537365e-06  6.48537936872295e-04  
1.61203292881051e-07  1.77239241074167e+00  1.57069123162446e+00  4.60580836803004e-07  6.08172843573938e-04  
6.68327607977748e-07  1.77239248926228e+00  1.57070333389238e+00  1.90950745136499e-06  5.66501691670459e-04  
1.17324697468391e-06  1.77239256969049e+00  1.57071538752644e+00  3.35213421338259e-06  5.24842083210958e-04  
1.69580357795018e-06  1.77239265202648e+00  1.57072786060551e+00  4.84515307985767e-06  4.83189281890355e-04  
2.20294094155360e-06  1.77239273627045e+00  1.57073997332531e+00  6.29411697586743e-06  4.41561187361978e-04  
2.70787332773414e-06  1.77239282242255e+00  1.57075203741151e+00  7.73678093638327e-06  3.99958821581832e-04  
-7.10788553570652e-08  1.77239291048299e+00  1.57068999132043e+00  2.03082443877329e-07  3.59726054279681e-04  
4.36058939012884e-07  1.77239300045195e+00  1.57069876068685e+00  1.24588268289396e-06  3.18211303084218e-04  
9.40991721543050e-07  1.77239309232960e+00  1.57071083493035e+00  2.68854777583728e-06  2.76770121801768e-04  
1.44813817071210e-06  1.77239318611613e+00  1.57072296477768e+00  4.13753763060600e-06  2.35440234179927e-04  
1.95307958866797e-06  1.77239328181172e+00  1.57073504599179e+00  5.58022739619421e-06  1.94296256043159e-04  
2.46023469280265e-06  1.77239337941655e+00  1.57074718281085e+00  7.02924197943616e-06  1.53486992697244e-04  
-3.18798699883160e-07  1.77239347893081e+00  1.57069684256219e+00  9.10853428237601e-07  1.14780339556304e-04  
1.86143114422332e-07  1.77239358035467e+00  1.57069389297051e+00  5.31837469778093e-07  7.65079854914094e-05  
6.93298649601104e-07  1.77239368368834e+00  1.57070603995351e+00  1.98085328457458e-06  4.49714949030775e-05  
1.21588303259035e-06  1.77239378893196e+00  1.57071855428935e+00  3.47395152168671e-06  4.10120321205927e-05  
1.72083786786903e-06  1.77239389608575e+00  1.57073065612847e+00  4.91667962248294e-06  6.95216869011656e-05  
2.22800645299781e-06  1.77239400514988e+00  1.57074281357600e+00  6.36573272285089e-06  1.07127465944530e-04  
-5.51108023993940e-07  1.77239411612453e+00  1.57070345211383e+00  1.57459435426840e-06  1.45916051625280e-04  
-4.61527924766614e-08  1.77239422900988e+00  1.57069174026141e+00  1.31865121361890e-07  1.86579270545648e-04  
4.61016223640698e-07  1.77239434380611e+00  1.57070173038340e+00  1.31718921040199e-06  2.27652439854256e-04  
9.65980091360841e-07  1.77239446051342e+00  1.57071384936826e+00  2.75994311817383e-06  2.68947389225747e-04  
1.47315776333201e-06  1.77239457913198e+00  1.57072602396443e+00  4.20902218094860e-06  3.10377830482903e-04  
1.98033976811507e-06  1.77239469966198e+00  1.57073820205064e+00  5.65811362318591e-06  3.51896058540334e-04  
-8.01065443423177e-07  1.77239482210359e+00  1.57071059990048e+00  2.28875840978051e-06  3.92252165238327e-04  
-2.93887340963028e-07  1.77239494645700e+00  1.57069885593639e+00  8.39678117037224e-07  4.33868380794642e-04  
2.13295094642074e-07  1.77239507272239e+00  1.57069717855173e+00  6.09414556120212e-07  4.75518698048274e-04  
7.33697716248649e-07  1.77239520089995e+00  1.57070968206780e+00  2.09627918928185e-06  5.17200103302079e-04  
1.24088887010210e-06  1.77239533098986e+00  1.57072187731386e+00  3.54539677172028e-06  5.58897699315575e-04  
1.74587479345734e-06  1.77239546299230e+00  1.57073402392816e+00  4.98821369559239e-06  6.00611380637879e-04  
-1.03340201157431e-06  1.77239559690745e+00  1.57071745399527e+00  2.95257717592661e-06  6.41093162404252e-04  
-5.26210426732288e-07  1.77239573273551e+00  1.57070573005084e+00  1.50345836209225e-06  6.82831232430392e-04  
-2.12241069164065e-08  1.77239587047664e+00  1.57069406151951e+00  6.06403054754472e-08  7.24578865028958e-04  
4.85976134723121e-07  1.77239601013103e+00  1.57070527257572e+00  1.38850324206606e-06  7.66336449654596e-04  
