180332.359664031
357.40430066859
322807.083908075
219092.726594647
358.381807856731
336229.860370137
205746.412813352
377.576747429386
353046.666978024
216811.986723428
338.321270962323
355691.126115302
215634.378744611
355.158785114341
328548.945772633
188180.564426605
331.723787595211
331291.515894875
199036.932004118
337.773260505984
377646.835457625
208311.745369597
334.262647682343
296020.33366556
186320.644973889
349.088827247306
338419.797376047
211626.517945218
359.156087967046
341690.569712029
199822.979192022
362.091024486968
335002.337027022
205797.180498212
327.639002320205
341713.615246058
218111.662864277
369.958620038421
337919.765553769
204370.655638267
375.623643953894
347386.440946849
228390.022274539
381.097544025736
338747.251252846
198819.792429628
352.874570173052
325144.277748786
221483.227369078
340.530350818776
350319.174428276
220590.094009005
406.298837424867
400037.510029178
212727.436369299
349.753733027748
326725.770914664
204233.476469931
372.631617264549
305296.153031036
206448.531261612
331.846389000025
344914.886063958
193744.526999374
314.890409311316
361449.554378996
203592.920921315
344.014701834296
340841.838190478
215035.656655424
372.43875495859
347376.887935927
209342.615529808
340.278191593918
348292.263637285
208910.174027567
352.691598577256
365805.695592575
216738.814896402
333.326159176625
341331.246962292
206702.426576901
365.86018004432
341770.594501362
211659.412634753
348.325136946716
320172.963814766
201972.05112671
351.22915867558
351738.61056927
210187.981758723
398.256101501665
348718.307327518
205614.870322108
337.980905288619
343972.166037289
209525.224678273
328.530886313919
346016.370504584
209864.305027891
336.480553775467
365880.675192136
198786.059267088
378.566705106065
345676.927127949
204402.806989734
351.292011942533
313159.642476084
229857.906681014
363.102802807687
320286.852599668
222269.679545192
371.270136813031
340585.948767771
200786.051354087
338.568645745284
352667.258666633
209088.777346624
337.058533675548
337244.529681473
216325.886172194
350.349676414512
327383.028274271
211560.798576746
363.054633428494
348956.233953982
215997.701528099
353.46095351614
318095.679938749
206228.864351436
372.218215420774
307920.082824442
210185.569210088
362.08800014107
333960.513538964
196985.769347708
384.807131789405
361765.121538751
211047.035516732
347.607167792346
335886.234893491
206424.463834997
373.162706467713
329148.490041838
208585.540000488
343.96257668682
374735.242629794
204248.76212286
366.094566761956
339945.1245511
200955.638177635
367.371676868725
354211.447199502
207036.739177792
354.597064200428
358399.674594048
190556.516905275
402.758844864635
340174.846418284
193236.135043949
355.952476373817
322851.90799809
220562.072028515
360.331085489005
343986.441734369
201023.049461995
372.786466235532
318119.489581189
197265.736598209
366.317178764526
329018.60388471
226784.613143148
344.689286162887
330036.433834755
198727.762354687
365.753078699361
353865.088945721
215555.71417199
359.085164990828
348481.064262763
202873.518795026
336.258755095004
290959.732640204
194141.715920031
370.201773099321
355196.986520365
201474.59212606
333.967638511931
339339.660140907
187994.684150089
333.809939719914
335159.712392729
217003.2815392
363.253964389709
338921.750362853
195103.796627588
351.746159875569
323308.735802796
215189.892874883
344.904964280727
334405.265836342
202216.387296381
358.054543272367
338458.734595554
213207.736742553
337.382500529122
337253.554178739
229329.542480652
363.749600874959
362193.657471628
200734.262988981
347.132019995886
321906.887963329
238697.136509159
352.668550628252
389266.52139877
196586.987252161
360.255678244156
315654.846716316
208101.772000901
381.908853554531
310243.283544271
223272.687890354
344.888067589974
324716.438789339
217592.690077662
350.580897440803
323310.486637951
213190.53921972
359.266900818882
335037.174908612
208854.895492945
358.973279632738
342929.842104028
221115.850586501
371.782709561757
342478.690369303
215965.333557511
357.502608238775
331760.273246289
200522.55561823
366.022491940444
339422.151596894
223938.845695964
342.419124183404
322548.707737819
212540.068962047
363.892602328068
340697.775327414
205774.345338316
354.31116916284
314265.057807805
216614.911769317
359.636428287336
342280.811946018
215033.794625497
370.086986616129
320005.239267406
211757.416431402
374.885787646191
360609.374002881
212816.4373566
365.454401851813
309402.573620019
214333.775706569
391.564614368764
329062.41927162
211573.11394034
345.67511301711
321632.004803511
197193.398074958
375.001026408877
355089.211189585
216734.702952734
337.011153592583
329609.483741325
195474.430166182
330.133946323192
343215.940061152
219554.193001938
356.569521582747
334895.208668894
207339.512709013
345.324741557414
335626.17326594
209769.662016863
336.853027047427
329432.160673092
216523.388928198
346.069901512516
353309.696409325
228790.599527434
375.384859967746
347300.586808328
204315.172191855
383.861757417667
318420.830725098
194511.32258856
368.816263142154
338119.058576219
212675.845222273
386.132178857976
313377.099420266
222181.714095069
361.638470829565
329390.159729991
196992.389472569
354.78146087508
324704.944576707
204026.47178214
380.342633643291
339252.011921956
214187.535186868
333.875856407606
336764.005470708
206537.203607423
354.415477304532
351144.616541475
209981.479912279
349.294396014667
345445.227541276
210585.238849141
359.366531361154
332630.994436437
184935.02694476
364.38533054718
316225.473666778
213049.90870626
374.497935208459
336720.231545362
216836.80069322
354.419541756658
331977.349337503
218187.810531464
356.917154971441
330966.461791451
228367.652075679
360.525952339125
321797.429565998
206404.534552121
335.280484482979
348267.529040943
227897.351732085
359.633565228584
306339.70423176
205173.434062734
327.476287326572
343134.799465567
198334.934482888
373.16992772007
356123.767023051
212324.452841237
365.1240383614
355300.752530265
188104.063527983
334.870148564982
346424.211520142
212884.418490093
340.996355079743
312633.540359732
199929.947464816
360.204989007647
330246.983402845
204876.183879667
348.613697436608
344145.268247684
218840.353219677
370.244986191707
338201.957317978
212716.434577481
369.666179488632
359432.432979804
198928.294371469
360.493904273784
332942.563993919
202904.465913134
335.661647106672
355395.669517336
194543.710559222
351.348007677416
340207.910954644
204380.484683174
356.702665968586
324622.676873906
204644.239406444
333.535126973085
352068.037607648
198477.014233537
344.596427309047
350824.512318716
223310.121413095
369.112749272217
348295.563455375
212830.870840186
348.315209890617
355510.317757334
202085.566253909
374.526639792876
324831.070472711
202772.535296498
356.448871345583
375603.342934965
193534.822597204
330.674615511155
338122.943425161
207813.006652822
332.049195771988
326354.536576179
223086.098266289
341.860755352833
319827.755443675
198026.461441048
381.926511765632
314236.114317867
192910.031184853
327.876397691126
330040.57178415
224602.123024752
350.033559909304
334239.462522461
227294.555408531
372.406425782262
338528.851499139
220518.784143628
363.634074016579
332738.931954326
203076.524883759
310.97294133574
338161.79744472
228256.938363594
350.037708599698
325447.113029438
212015.435879307
343.081829893982
345243.306908755
227203.261006993
351.691681325608
358405.495285763
185584.177430139
383.359065884429
341441.76572646
218217.480972865
358.000145203735
319538.302331881
201878.313556336
349.323713097754
295572.000393026
207577.495521931
330.764656375029
344095.1147467
221130.641653131
328.702492358531
352263.679214838
214166.0825931
363.528400762512
351727.017317988
210531.955002569
363.227423729366
319562.087259188
214984.515103558
365.466152783589
350205.908912586
191072.127918532
374.968783297876
343378.697986734
215510.78048745
331.108721075054
339287.322981305
227477.628791073
327.884932457862
327158.083888935
198944.267258333
393.626990477848
342262.988403944
204084.533850333
380.666488424828
331427.173638903
215138.343682556
341.058136297663
320467.491454961
202482.579513091
355.510924239204
359606.088523402
197079.604693172
378.292500069233
334618.733786306
195524.69335334
368.636077900403
321497.799825414
231200.202012067
368.249972947303
356627.989543441
201476.72066269
352.631941519829
294927.044038399
216948.971761782
333.833704397295
333040.917618073
204638.058143798
400.49071918705
308585.545592612
202853.178095406
339.294489383213
325788.767370649
199301.147688603
360.025821180462
357950.0860782
226595.779944142
339.690106403044
350319.174428276
213687.615898679
361.780745466692
360341.156680055
208568.693210332
380.511452805197
344294.700155977
199185.066148074
360.788998570312
340042.736654477
207686.850410622
383.696912905613
338799.31169061
211825.901651399
356.181968246135
326177.087068764
207017.910321378
347.807980581472
308218.128292171
218562.556768073
339.742542031045
313149.01086712
206815.234035562
358.645884956831
313223.217354522
201016.434905735
337.08217654715
343370.263655386
208539.006640236
359.274011494475
345896.75872473
208195.948840794
363.168172222981
332688.930647639
220231.447215288
358.713481255239
323173.470753594
227645.724067467
375.626442084389
332480.682111498
234579.091760457
339.044502318329
358939.585666558
211714.564737929
351.98429365722
342594.507832282
215571.99436384
326.521187863857
327672.572737999
203109.009356682
350.441956466012
358900.313450041
215624.766968051
365.496392288038
358972.904039639
206926.937555031
349.979608303837
359772.37338082
204564.639032639
349.55642756265
340087.627634268
205836.890830279
365.787033275916
348379.858525977
216469.740392038
366.108317535873
319316.006076368
201106.534881833
343.99891560434
345070.591488774
224349.336701163
348.626395769318
337825.379146709
197236.876352689
378.828998047353
323373.417924547
210210.501378161
361.686338745142
334482.923226237
214927.949022921
331.624862720403
314178.009554455
195234.383861474
322.216295604809
330877.094659297
204524.734343199
363.828967473152
319555.604039156
206961.380016197
329.084076862355
344844.613923728
216095.180131139
339.876782758025
345732.490046094
212844.461434032
361.689332374772
338945.211943389
196632.100179799
356.58186823934
310425.072969159
231235.788931048
352.961281060004
370286.072720662
216190.252092395
355.936099105011
345045.571012312
215085.065297467
348.823587605465
332347.255040243
193184.902375655
370.441641224432
321356.765960651
194126.979986275
345.907388519244
350605.922827859
201540.419880549
346.459334441488
336431.906417053
186413.88659073
351.88635850141
337410.887387995
212573.750242743
367.207746630398
332884.810032226
205732.860638839
372.824207653695
364670.977496024
213056.752891948
407.399113155666
310990.267326404
211402.620035639
374.524028199279
332266.549811172
204500.757589279
344.594877459642
306064.768884309
212757.075482613
349.69681665779
303755.121160517
191067.966201705
352.591259462891
355611.316309811
226381.182881313
350.182786411114
347418.309140383
212729.975782806
370.346178255441
357059.183435172
211935.046114332
358.843243782161
314119.611257476
218482.982640474
352.879990146681
340960.805961677
212120.935171443
357.659311661052
352592.308552765
214480.988665853
347.493498005088
300211.625613883
203329.997957752
347.398331913591
324972.766927439
217662.647329379
348.806709941428
356584.258023025
197621.489935174
365.338835077085
342666.351467787
223231.698922756
338.8988520329
338586.012947039
223737.122123664
368.510433592562
369071.901723649
201005.402894909
378.172332898461
351395.656666613
228090.731633341
373.307691949998
358417.143926224
213208.596894088
339.054174699259
342126.103085032
203258.222216347
342.841354697902
347676.261710292
218290.807664979
338.111294307108
346727.283544816
209237.71652449
330.681307858291
351971.942237653
221142.490328152
334.721793739931
328711.875527433
211684.099252235
353.358066978333
349303.085054935
200805.134931483
365.459437357968
383414.408967385
188270.657170248
361.334620699897
345615.47282396
200134.897281523
329.608001830653
327158.083888935
214596.388285031
372.538414307659
339487.674815163
206322.215077003
368.474393828843
324995.489805951
213478.283853347
341.799282760658
323460.506480469
230583.602081267
344.469096811553
305059.723027579
217598.142734106
336.794183061082
310014.721935625
186448.303360389
347.729183929139
343349.185438794
205550.159060103
350.753959712485
333546.738785129
196187.125894646
356.573636979478
345992.107149221
205403.168516608
361.818270378108
357130.9444281
210673.315831094
357.696799285936
311064.106043986
208839.67216091
343.339647050991
333985.189263464
221538.617840483
353.961810069394
314984.536215743
211482.055266848
364.466329481625
350248.987051939
221583.469904306
373.447291770541
328029.37987783
221591.224151403
361.202747605682
348461.121750505
219921.205726159
367.627902929006
356757.350348007
224156.019060935
379.423607746595
338007.734485369
208166.175794663
333.268625742544
330829.640044547
219682.511592325
351.343911234688
321374.214057953
179311.703061213
361.815267080909
349961.63741004
194356.473191063
331.562646357435
332218.876808411
214814.374183184
370.294486108945
320344.538264707
198842.664409309
326.334920534772
330478.434544229
188990.515630131
392.257087930004
343522.350665395
193521.309698285
379.617907131982
343055.209575466
207942.990675048
320.317901312929
325525.024278281
206883.438337139
361.645946458495
350451.175892611
189804.259231489
371.583064494069
319252.217435153
213365.589312488
356.808478558479
374968.460596511
208777.969095756
340.834951769114
328393.897887941
218068.671105021
347.444496210019
336260.745742515
212631.086838595
332.799579891459
375410.791437474
217127.268126594
336.726379591054
335239.652734959
215669.987534951
412.37241011045
350075.406971219
213575.761005094
360.067665771983
365284.639408391
214943.697136794
344.877310808083
339939.851754316
204029.197142091
356.710907206554
346649.662642944
202672.878122656
356.64087728868
336767.868042491
227935.579032783
362.42823397256
349479.361661778
213058.464188645
352.148763128147
351479.407160027
216775.872216585
397.494747648601
323462.244537335
213230.109241942
379.103493726291
340990.249280753
224872.34874803
354.803162116078
336631.405946959
208417.793940854
376.900955183971
364371.641800792
200471.917740357
342.911913286625
323369.926766356
216275.889374378
383.383947983738
342492.462944418
192318.562843066
361.030001001725
307804.112632635
211228.619034242
356.542089558703
334813.857920623
194171.087715767
404.854625598613
318460.386408519
212435.03017822
326.637101073589
321561.19235713
214112.538827375
346.964800099397
329106.184310315
213919.024832589
350.572649016506
334015.053315613
201854.523133791
362.865708651879
321157.810227213
209673.461260649
354.89676856266
351728.949047887
208031.684418228
311.192471181655
330179.659318417
206449.360905389
335.038998326261
353353.912622573
216368.003307929
377.081628266378
343323.905884115
213832.541318064
355.200899458761
347769.81764649
216496.035781075
386.336929598537
335637.762836668
206104.294875987
333.671858877993
359856.302432785
219605.345942473
352.550571646987
316928.336196759
221852.299420916
367.375292217481
308686.219696565
207544.248678292
382.593651079004
312850.696338248
199767.872460982
340.629346170807
317610.899269006
212166.713342006
334.201030968747
342186.285210565
211867.210773147
363.467045026237
347642.471140503
224670.473143553
362.4236568043
328290.147667433
219097.632533001
349.10283125811
387829.167993467
217716.450173232
340.22156046969
321420.65893986
206783.973436034
338.783518276144
340539.410341077
200942.333999452
387.002811532437
322626.760917427
206607.504215388
345.584817034919
317923.068200418
201034.065993358
325.967159795241
349823.776732879
217308.836743584
376.095204314555
291367.249172495
208388.880248624
351.283815432724
351653.752801964
208723.465446506
354.328777973745
348599.393971009
202415.969209706
357.214926679855
315499.359650148
225147.589589713
377.355309097799
355539.109056992
194030.368601725
354.152716210433
342807.60937667
216832.662207942
367.062751311433
326200.298911925
224264.715600389
369.263512532093
323175.233192486
211134.905892495
326.775437699088
338016.792803007
218376.117396254
364.188588433702
305378.902413389
216316.875355741
356.941933478369
360911.37158856
222176.759960533
369.584230137956
328616.208350631
206963.839236345
353.753340335389
310863.027219583
213872.214832284
303.122164698717
349674.518563532
217139.935834786
341.121513324016
320389.724915576
193855.794702803
362.467926527677
307427.36014657
205623.374375562
363.859178247871
351441.29493735
208063.109431749
393.600188657596
342967.414081832
204174.92898774
353.535406194059
356966.673310298
195470.393898372
332.656833565795
319594.463247741
198849.381272815
380.09150939499
328770.293653814
206392.904326891
370.720257534393
309961.564305254
219314.292755628
342.26177591372
359156.083881527
202993.118746239
343.831082265047
323654.278461471
202115.077458389
373.097846819337
357008.892252337
222858.806154292
372.990269963527
341784.170123572
192268.653765344
338.283082978737
322236.9912816
205901.840711674
352.304953815067
322316.318784524
223263.355010045
360.154351999635
339045.63483672
224387.709160101
355.562647104523
347594.274849748
246187.259470668
389.304571281184
356380.136090317
220432.73498726
336.420353722558
331728.247515764
203849.44072121
338.113324462577
371374.30335181
216650.649523635
364.851624352328
307039.995074217
213672.731837157
370.642353238843
347873.447889805
219477.892064856
334.721793739931
346983.399394176
206426.954266428
361.441607344624
361052.658267223
222975.321833983
323.252526137368
349958.091665635
208395.306055036
314.030822577796
324786.921940474
207592.086385158
337.1315106109
361478.915672159
209782.492143471
342.419124183404
348880.039582667
224034.427874142
340.758289632508
307304.529419645
217668.127744903
341.607058184962
339485.052957412
218998.679569084
373.565226842977
329823.491776649
210764.733356177
399.721405891664
356540.652334102
213725.303134372
341.577749976977
352377.245617034
206317.2201804
348.582645812868
307895.795853783
211360.90522572
350.000363031285
317840.821843312
205033.935059871
377.899115567563
323282.455380632
226699.739404585
334.756539357782
354944.459628419
223231.698922756
352.140610866163
324435.65985224
213379.433915503
357.245309559786
342445.652805538
207729.735483846
318.718218907607
356108.818420866
198699.16337677
343.729299836314
327979.894555559
214747.267909179
357.307488868449
367648.206298691
212609.152268096
369.023183779507
333811.052478965
219486.767621267
366.110036885156
319059.243880519
210172.703147839
320.002763588972
298121.669276775
216869.949437931
347.033215944046
359590.208306858
208747.512738407
367.765326432441
310558.074177775
213272.321516036
321.247926872793
345166.432569628
230252.440524909
354.576732828344
346347.405461638
203287.534371003
371.317945239964
343475.818826267
212333.654471143
343.531108047175
354562.688448247
208689.794824177
366.604722030562
330722.364794779
188057.518972632
353.516454887469
342555.869630252
207203.436718495
349.35162279681
306288.393296672
203982.816017192
358.928018278366
357812.629765286
207955.090573327
381.913265752692
332102.203089042
210611.086051847
315.68897136
371524.35985364
221633.20544753
351.777476651172
346010.302836075
205261.428761248
359.183061281222
337017.716145647
211315.956326104
324.66874192987
331894.867973559
202236.566197305
382.781674693683
355737.260764292
229482.917805883
359.484894353612
340669.800710589
195280.14450529
350.414419649177
328610.488811805
209700.713861542
330.523063042091
357003.608329893
204438.475537746
368.599834910966
363272.616915448
212093.494498659
340.918454281798
327369.667623664
211345.373047535
375.481600498282
325911.029579594
204354.562169149
365.424207909205
356311.856473571
202171.896774826
339.384118350727
334833.23012269
223015.111776317
357.892861479297
306563.170776901
238749.43921167
327.948729561187
342227.361093637
203006.568277435
338.038062194291
317546.629330128
202185.055642793
354.330132524336
367853.630359332
193121.689644484
330.475527179515
330097.085162694
203709.612300284
355.248458288395
336680.322877439
207427.341282118
380.961787246247
341420.183948564
204081.815872024
353.481259109645
332909.754136599
227852.45536566
356.716401727463
353886.805842766
218530.90065096
369.895749452347
341058.559401822
221885.844335614
346.273225114506
364185.618964907
203348.838138776
383.748178467397
346977.124467654
198147.344148651
368.190001342847
335935.146046728
200203.571267863
321.926841035092
309131.196206356
208551.042382725
374.417310454987
319083.778023279
188049.713533288
340.717178687172
352756.786374808
218637.916130312
368.483872361595
344027.871885703
204276.60768185
368.594117726656
361780.171661394
220520.177768116
342.405769430193
337026.734164785
189836.227872124
330.032020059878
307039.995074217
205910.26610372
364.782687780557
333259.524940335
200376.958951802
345.283746605285
322136.89719848
216754.244528558
335.523026831657
311648.332494628
210412.591046457
348.210160156972
351983.683182175
199522.004079291
377.990697991501
318766.23587063
190816.372579237
338.797237223349
352726.216650465
202761.817597852
357.727357917771
330512.576724367
210791.452331044
362.183381934804
356658.935142576
226004.538810688
384.08170313087
316629.43059668
199289.597173127
357.150052222081
351573.093714393
223304.495937945
329.655471862376
356791.166970936
219655.443536793
349.564774808498
339150.075377519
214457.440010763
352.379614975561
327470.471134636
227645.724067467
393.789466854767
347458.198321843
212267.622022822
343.987860454487
318777.611813379
201026.355434878
359.097924808537
336545.165520465
205885.826387249
341.701640526542
336169.376336496
215054.286716443
384.589625404509
344624.484751582
233060.214094533
342.125422733903
337652.249111085
202328.037593435
377.795165934816
336419.036716538
205077.338700457
356.228462780796
340096.873238979
205362.010590363
347.709107297764
321335.4172304
204022.837399184
341.095126986861
361943.132712285
216579.255906764
370.253227746192
343652.363244137
214899.263863293
343.869162850237
349576.727924735
194410.847881675
365.130674407213
355700.827468326
205503.238596772
325.649110762049
336416.46278939
189432.133066724
372.482722772366
342197.235384415
210808.460607491
359.262634838136
340005.787666854
217892.516928545
360.966684636093
345866.551752534
217270.421297941
374.909838963594
320605.769246845
207725.690812704
368.910777812923
304636.978940016
208118.682018341
325.254467571264
337345.105290834
203390.216779923
329.137556309885
325642.230271372
232921.693383444
354.843856540707
342063.263992465
194901.01717541
348.610875222635
366983.61185674
221374.901829331
347.204535949441
325488.483917864
204003.74617995
326.732704342989
380833.957781052
200069.38704299
329.217309425301
324327.382237707
204340.246841201
368.935921849685
343614.163140864
195755.400999099
343.486171041657
319110.49749994
201715.108098294
357.358647258354
321901.242243947
213309.41794111
333.202582450786
335126.181825347
217232.108352014
347.030306723758
311537.453045767
203793.446717253
363.67359182803
356872.115507412
211529.613938562
374.952686062471
314351.45828006
218568.42782245
420.234559388186
342942.362478509
212932.095227194
358.831949347034
341070.622198811
200892.316002362
392.432492122677
324941.893999877
192420.346001881
342.209676097591
326169.345321743
207281.700768968
369.454962577909
327035.217225465
223611.785825582
349.160217227735
347432.662324353
201331.196106766
327.037440386231
341575.491178684
205848.709764744
348.320882705683
344480.913128498
231528.702366547
341.345489918724
358945.637533254
205653.96883051
385.606103132129
344339.36110689
201160.071205363
344.500198618169
330893.354712398
210581.200976826
344.937198521917
324319.03158654
196706.150809293
333.186022715103
346496.595246125
220597.111131949
362.530605717429
352797.625283177
184866.967806006
354.173028273947
341578.196081421
226251.620997348
344.918782657703
341630.968802037
216822.320940494
375.429010262561
360685.071174175
219984.674636831
359.349439371307
328590.463213397
218145.70381373
336.671509692943
338886.567669964
214970.590428389
349.853584174489
381308.281441362
196835.37357111
350.620755239653
306244.155433503
214921.468124309
343.281476511759
321321.81830134
202090.658656574
339.277281493978
355952.721302283
217388.128043658
326.195446644101
336371.41968684
193739.303722991
387.252978706186
314740.280411389
211473.040753552
387.559697585344
340231.726770378
222346.716883501
350.490126808061
332974.049459785
207459.837638634
361.867857691919
353081.931530094
227193.885647001
344.539034378397
292424.923096663
212859.758001783
326.49200295175
343913.691925845
207684.42218294
385.801231334934
341548.449568254
201131.692177077
350.74572521006
330227.758082367
213051.619602627
370.348248709554
296216.096817537
197017.167305859
349.843881913602
327250.647957079
204800.873860343
371.453327713593
355265.30267935
204649.536317164
339.813497102552
339833.154014528
208926.1951262
403.42442075686
334258.902444282
206247.220067025
350.943180085694
332184.425825962
211876.304214218
375.786774153475
330086.063790542
206922.015150749
385.126905065015
337465.074265178
207595.328363879
359.460630770253
350148.605386185
195753.459697144
336.748280045775
323649.111301434
195984.73430271
346.234716673953
335890.096403544
213220.641778205
346.980821554399
314152.091221762
212811.344784447
336.136517957762
327437.894341915
219764.109398983
351.850979597935
382643.975999291
201831.729383412
333.241145610421
337882.263441569
203245.915468641
313.868254760876
340333.695190122
217646.219190812
333.2576401645
370080.97829493
206273.069097535
378.440782556121
337997.382747004
201889.677422823
345.516951442653
336170.663237355
204623.039611604
350.747097671768
349455.085634161
220496.511037591
349.602325904881
334013.755026769
216070.510795345
365.855070350498
315371.206516573
195630.108675835
366.888456049286
354767.361782685
213466.124618093
348.245671841556
336025.239110487
196407.460179041
350.786891325532
322514.118849133
205546.749229666
379.525906225819
324824.535189021
204614.200604185
336.967971047088
330271.689839734
200447.67248338
343.983121323648
323536.84452625
200069.38704299
347.100077138522
312570.147218701
209788.105590453
387.830928776099
352146.842474828
208331.837172012
379.478313762345
321963.25057447
209263.340093457
353.318805014861
345990.591336819
202742.312633615
382.682598674866
327278.95744571
204299.934045515
371.324473863898
352830.362014798
213242.163372652
369.462894649716
298283.089758503
203132.855721348
344.863475685154
366494.414447646
221344.603277475
355.332733405397
346404.222415862
202982.543694771
380.479878379396
336709.932283543
196357.445964021
371.578651987783
313869.715011341
203797.123396714
349.36278359925
343321.098005101
210134.917348162
351.514492064152
319416.651011448
231313.655747729
329.904264817751
296558.805664442
224608.711737068
350.623503471324
348927.420407321
200649.347169142
332.725538696508
333829.25788076
214635.603417919
355.777882624829
353140.164929652
220296.75891345
343.942018358818
337057.654821846
221905.06659758
336.589260249254
370512.618446769
210750.163599583
341.175951741328
312729.775874922
201265.396601009
339.817225006768
322783.735189235
201083.521593479
386.272532617971
341086.709722761
216549.77398167
345.107082792578
345041.157585239
218216.338543837
380.515405008776
362666.162291428
220621.004296565
343.286328546381
316650.628086583
194212.471829472
378.417086772166
319950.513036393
223159.513291812
348.235730836855
367212.632242973
206603.372241961
346.918159893084
345269.959451603
222849.907078797
349.190989673522
334260.198343725
214537.247456172
343.713365284247
336354.689652361
210471.446214104
369.922091134221
351191.565724133
216802.69194072
353.965871472884
353385.562980645
211300.437453019
344.317828999499
330524.861964838
193564.447798131
379.27160027223
349351.338901541
206247.220067025
344.501752932189
323836.051175191
205023.507153355
326.603428448954
357607.50173712
202749.142054153
350.269718003592
319710.468724051
222161.913490037
359.452069696285
350556.644318537
200986.626164576
352.413544114638
349287.596494885
207985.736066578
360.794861252111
351845.205243784
200146.76739473
346.496162307454
368600.180020372
215599.800538426
339.806039329261
356007.053508243
192930.941645092
366.322378376483
308106.057432337
198298.00566721
330.777939961343
339317.413249868
211566.545347019
356.027563885041
324258.814832624
195329.729933816
345.614939865796
312449.788729047
207400.518624357
335.442592339116
325993.778978234
219581.019543083
354.946977231192
326849.947551507
234758.563659887
379.909091247047
317995.244177938
203851.273873887
364.336834368761
335852.76767082
204158.686892
347.543890131364
338141.074044768
219188.761519525
355.32321663076
312799.561914591
219946.285074399
356.988754663603
316493.486061386
209989.508929217
384.327469461618
347200.770031759
209053.541800104
352.395901552725
361460.55676812
211028.339074445
348.507773419348
357857.368638987
214097.39068329
334.549372417729
337391.537900821
197395.970803249
344.36937075962
339050.854287467
218410.865755222
348.688438340701
355625.797281114
216735.730835201
352.953152676791
331079.981680342
208216.86544655
358.423877297777
331930.800276559
213302.512501039
357.133495961328
336344.394304905
220273.582278642
339.069640818025
299918.784312019
197230.449410334
324.974601523858
324417.37240029
202975.810641269
350.56165005249
346408.834063982
208233.756686829
335.39270734045
338947.819106808
221212.387866952
370.228513166358
324225.290796733
225287.800892051
346.044599497704
319594.463247741
212599.033543041
315.813509704501
366989.574843913
210720.223883934
349.500755266269
301312.269777827
202369.069061602
376.543110316255
341041.139652903
199262.596434824
318.741860248099
338570.420821358
224748.362933161
361.58319389361
324563.261956363
207248.289200545
388.364101563309
315904.159924144
207088.277331707
354.82893454562
329990.89078361
205132.788446597
360.267271741095
325946.971811135
204016.475660389
356.050781207399
359236.233429866
209162.447506428
346.76038868234
344789.084484498
208697.010405892
358.278147801666
333386.263778021
225168.812063906
334.420647940282
344320.625613192
199096.049842164
342.664986807653
317172.41744657
196840.432043476
363.426204103634
353292.880927193
209494.78475927
352.504451549993
343791.329319175
207592.896894629
360.960799366766
316099.022327597
220005.912692263
348.663064918491
357280.902462441
210265.211190541
387.494762790053
332609.91594782
216119.886016358
360.514295968761
331716.233560924
219281.848567152
373.609663471755
312385.290250543
216710.054412892
348.373329594749
325158.783876116
219510.893197101
368.737490862767
327107.200966435
211412.440246867
338.361386402122
318190.682440814
217171.653369806
350.719645030988
327375.606410737
200010.698977862
356.529747379618
325455.074298737
204853.440418279
341.427207893295
344006.436798301
215257.586807285
362.449601584548
343323.905884115
193728.844148019
346.824733602604
366358.698296828
204912.878662125
345.763693849219
320932.745759337
206248.888304144
344.197240945288
368136.340387503
202341.059619053
343.383198237302
342481.444557738
217134.656286591
358.280947367111
326963.056944797
215686.372328381
347.224820313155
346739.722712741
189579.977172601
363.999476343729
342746.619815126
198087.832804225
365.027987835299
332011.907050671
210368.273057468
374.573720116763
341018.367601834
209610.952020599
322.939363869381
344655.015023
211152.007158343
347.776476357781
340174.846418284
217422.553890984
320.805181551189
286981.031836702
210977.968305288
366.599465122268
327511.882987429
218515.68732019
372.259363641429
347237.168188281
204209.176524938
356.28044799122
333078.917718021
196826.935719789
349.614838773971
315870.452206756
214346.381024639
337.496204265026
345581.051139907
214422.164980746
366.056788887649
358217.546010487
217153.671615391
357.673193901389
326661.958015704
197345.386832561
343.714959119572
347742.360966154
231830.869184662
354.020025080228
324039.996261934
218793.615131173
359.676527177745
330584.878192745
209281.757204228
411.25387659159
331696.205054678
227487.402011392
341.17244336557
342727.23154341
211748.348174379
336.337505181746
362862.143588193
208633.6647918
361.077179610634
310276.16541576
213981.876014926
366.275619172062
316167.900518451
213836.946299696
339.930613681559
325092.629780325
216329.89259246
402.640198223099
348859.762615418
223192.754601983
356.684812181859
358554.747162235
221822.051587974
359.819985404833
347035.222233704
216294.870006539
336.800730937472
348976.594243606
199270.318024032
350.311084520626
342016.868737481
215833.554907268
371.869889987978
358012.233621025
194356.473191063
349.859127798094
341533.582411841
209425.101864304
352.398615875862
349289.316928674
211831.682505886
347.121858748206
340629.857838851
206023.796580779
366.69601482544
314376.935837857
196480.119164581
406.897088516087
309611.085734451
207010.540540036
333.317954545078
333480.231382769
208001.05480117
343.850128504459
335096.516462774
201967.943728111
343.410585864947
343250.963077485
223179.812198919
375.900287700223
334940.389721463
207411.899401182
341.821498599921
368883.393146767
216569.083454161
347.405547976132
347197.60729275
212503.058430999
360.079215242475
358792.141320668
214772.062365795
342.020563768348
316938.703162737
210572.318367319
364.792525965351
339974.131367999
188210.798722899
355.041994920181
335326.01441159
230551.760698989
376.931422441735
346147.1229266
202653.26449043
332.895801599896
326748.526511394
208853.293073552
359.389328774772
310341.594770772
206727.977954665
334.056247093328
389755.793979555
216587.398637344
325.014275884806
295713.703241522
214705.094229822
386.19575329497
346359.680822039
216957.314225056
336.006499888177
344966.218355884
212762.159255996
362.08800014107
372089.643199042
194907.581715198
378.825514280424
355881.389434806
213202.576384827
376.867513507254
340286.003425069
199245.846798082
377.856794646831
340231.726770378
203194.702249524
338.411412668349
342502.106179322
220169.226141494
362.451128315533
355666.898770556
208386.470490408
394.165958914302
344103.707676927
215579.660731462
327.807875661017
352586.244787707
216822.320940494
390.758796993393
353917.255217317
204724.44670948
334.141738867773
323512.585348925
204070.940354043
384.523523750868
354434.328610852
202779.351956533
340.90071303875
356276.571555027
207921.206512711
340.300074218929
362706.727220474
217040.997432385
349.64263775071
331742.928044017
211271.861877851
360.520123792157
364475.271122915
216465.698819119
365.918157774742
332351.221778027
211064.111232514
392.966744269332
342623.507937107
205112.008739889
351.447649456623
342594.507832282
215173.006951049
354.118864163668
344493.9409915
203362.014442004
333.005349660389
312540.184669603
198705.980363185
352.513947507437
322025.052297635
213714.78007403
373.954274727467
326719.699679612
219453.835874964
360.242638852828
361213.513905485
196853.905809172
343.03128956251
336958.460323773
215341.601224093
364.186980965998
317005.893672767
206343.019904752
353.749279441823
368116.359366158
196663.182204528
352.538364146427
315539.858446871
210283.7223692
346.65489255457
350970.914240211
219729.066141004
366.017351209221
339801.567438519
193348.463442473
339.173727450019
379277.701285802
207823.510111763
361.130316776657
347113.928962792
223656.612558144
372.847836530536
361042.007003716
209291.366210238
353.661294042031
347429.472056039
217192.836913631
349.366968448552
348340.15427554
203535.233372643
348.397410786851
307113.56881945
219649.008334472
367.170072837396
334319.797014549
201944.303249838
330.78789327569
326701.478181727
213123.568232099
367.726767100442
329574.638370367
202936.319608292
353.890060924518
348736.783455231
211378.07780056
347.697631392841
345845.424612545
229938.606880152
350.173122091823
327045.725794956
222928.529676377
358.720526673616
341666.179466616
205665.009127712
369.879555920148
353523.370638008
219346.827784601
351.151231834161
314357.83288709
213312.871311797
393.968800892299
345470.557088036
209719.151298769
338.978605926056
339945.1245511
202411.983315393
374.39138685328
327833.915258835
235403.057440326
371.146822354001
332946.500317248
204942.543942532
350.036325725518
343985.01392154
225863.315676745
378.427237185752
327290.869305892
217401.027915118
355.701562830037
366364.318734075
224770.759963518
361.083080528548
310162.956536753
203213.68764063
344.818857618367
351090.291737155
203042.061868245
344.737162253891
330735.95659439
224580.20022996
371.043588602539
325566.266831261
204954.748737633
341.69649081607
368149.682970383
202642.466662127
382.212525179852
352720.108795325
196915.931457886
358.026641767237
324719.721806517
206451.020139644
339.427837146277
350763.663985151
223402.53287917
345.84309150474
311090.036794738
216997.004887431
364.996592562757
339566.367115672
211003.961002803
348.661654975031
316990.418007571
194746.028411738
368.081701898486
306199.677133966
204897.159049902
345.798169620042
319716.888566859
210420.651132853
346.714998071535
348129.469120982
212368.809778625
358.131327943853
362330.720980959
214118.779184719
364.487424690026
340552.703716022
194955.531168192
345.12539926981
302285.255123624
217704.353552535
407.780428719601
340476.966707184
204466.968968463
353.452831201826
318998.855053938
210148.583148563
339.166035709948
339184.04229051
206485.847728817
355.043352594386
344920.748659478
216040.955510774
364.374007883321
342075.552324647
197942.495875639
386.311125253642
347594.274849748
193757.566270385
341.5898223021
337029.310783142
198429.426169128
390.689640073887
335251.255047683
218160.482535366
359.645018379822
350029.11630222
212757.922721427
372.573308958218
327826.599066088
242269.393201361
374.025066084169
330103.972140667
199459.010837953
333.274115301142
368537.54795852
232136.186671913
358.353776102992
317359.544079812
194716.852158399
346.893362594362
332762.605771809
207920.399583577
365.827834975488
351845.205243784
212319.434763769
375.820740673935
339789.725673496
224089.846117992
340.311007388956
324819.632532568
200326.851642051
351.865948485256
329310.235905315
201688.94200929
372.222782869571
350558.467384564
221181.096238433
350.008663480188
334680.782587514
227569.398419839
326.210482808489
350842.986668249
204331.294952066
355.423847116801
324372.422223341
214360.795917848
344.871162556189
321540.08631909
221998.532856527
353.329636067904
354456.777856607
224394.122485861
358.394425932081
320692.633817642
208320.586171903
363.043765751831
352709.93353614
232921.693383444
388.27074076671
337689.704279991
196024.15191954
326.694569685464
340360.204599862
221497.045325359
358.734619867937
341521.421387039
211878.784586264
344.532823743813
350855.928575198
206754.337716696
376.150112938305
317821.399943419
230069.022964261
327.738915186146
333611.900700892
205567.202217274
348.195949167269
291887.918091264
204808.766158943
340.645504175236
350449.362089289
209495.58577831
328.208524098595
358289.53748929
207035.10217174
357.631554426334
334767.356808743
215510.78048745
357.630166817218
340719.097455696
212581.333212541
339.682604926356
331764.27529314
217843.563758708
378.645559984079
339816.043073913
219228.388163137
369.712292254827
365646.74946109
217631.997325926
339.779916447889
342714.772088396
210104.375876439
372.876232465855
353202.767618357
216233.014711575
363.484338991431
342206.818809107
207006.445736309
375.846264656473
374654.413717869
210604.623465027
342.967576822157
341375.697866368
214720.670111371
361.003485377679
366075.904627541
211386.25723487
343.932525268583
337508.949103305
201194.913069086
375.623643953894
321376.151679896
199110.4479297
365.148931480541
345609.483734289
211240.854098347
360.112434829925
385632.646080478
254127.307646323
358.990261394583
337667.746944276
210401.308110118
325.87436492214
353724.585695427
223153.985500029
356.840106276555
326263.642651926
184618.448545247
382.167396276687
352687.567721455
196718.140567044
335.218057199332
355341.0236953
206604.198669884
367.431399579407
312547.683188475
205079.940575502
318.598902112468
313695.52100227
206283.903538862
312.961398910383
324866.982110183
211718.683289775
366.506770951423
330859.473794722
208146.054033532
333.894259359367
353330.738070612
206958.920669295
346.360475670967
363470.344433424
212331.981271948
357.440287279543
356825.059925766
211993.872368178
342.062897291767
329366.339607161
202270.807716684
360.332536780008
343883.776581245
214042.228050991
367.319315003947
337062.808530703
210040.102376666
338.415409134391
333690.042359923
208976.657322392
394.845780276041
358103.116974564
189685.207778318
329.746223140658
315484.863625774
206814.411669109
346.230271048974
363187.678552415
220081.91012213
357.855278853925
336833.536201002
206957.281034199
380.311465089922
338007.734485369
197405.421738802
374.303551208004
333606.689231675
217024.22293744
404.347216758706
324798.375841892
190950.077021289
353.019530158739
317728.777952874
205889.198487714
347.336229243921
364934.063768391
189362.320122444
383.569717745053
350411.30809891
217866.905503312
368.274381576694
348673.017276548
212800.313729494
325.590652407686
310898.291336091
211166.669454538
363.849634925056
319025.724233201
203910.758530722
365.66161225169
329754.127800468
205674.347745469
354.991766554553
360599.08610577
227137.899966158
380.994565740665
355881.389434806
211600.219096099
383.156972129077
345621.46305717
204507.864481997
398.968718425756
333913.745873865
226711.385476595
359.292503399594
336700.920574648
199798.52174019
365.285400012701
310322.945862605
204992.197571705
354.679757949131
324297.305330995
188292.898280182
337.189251206716
338638.001228964
204338.456759807
373.297989360729
339028.673466891
205720.150023494
304.733875321322
317578.801476087
203891.560019552
356.726017838279
287867.70277994
217472.188771668
330.109422947976
361303.773630869
218985.304569076
340.479785248436
332130.063926544
208369.600935612
368.197489180114
356942.977637529
224632.917492766
356.281816322539
343364.641735316
202782.272504537
359.676527177745
343330.926421046
215739.486424464
385.642429682205
340074.421614324
198941.606906468
347.670365745467
355649.961696256
217925.996961787
366.190972888961
364598.981993823
218999.896219527
333.37256184525
317711.649120565
190233.928601618
383.620431141857
334559.249477258
201201.43540342
360.844724844825
323063.899672011
205238.16435285
367.333748338303
343584.477453619
228162.479283976
336.946340375878
342902.031949582
200270.659495068
351.125245279867
313892.961457931
206952.361790039
367.060966579714
349587.18507771
220052.515077874
363.555181245509
333139.160216706
209698.309090642
361.009376353885
314591.286465837
203842.106394117
338.853971410541
324948.396896792
212998.628042718
323.368038080097
373143.510712292
205282.951928635
393.297448794057
338239.536298253
193699.990269054
357.752369297768
333448.91870058
198884.23479638
350.000363031285
320239.31995952
204380.484683174
341.054610332239
310836.49639588
203266.737224489
358.902573593102
355455.279428123
205292.41668702
358.289346744255
361916.456539643
216455.599388006
321.643705880844
350887.392848634
213405.411691478
330.597389923007
316488.126026121
210393.249709459
359.052569076779
334357.357531405
189397.354797114
362.297244689639
373053.628043085
207641.509599216
330.028489781151
330336.138821737
219589.975828523
333.309745116288
359743.444261036
212028.711534211
364.518282672809
322428.289642464
212809.647445293
325.364185562452
327259.590662663
211352.729815698
359.799877680963
342843.688178135
220359.724560275
356.676572997245
343405.418220561
211630.628491716
386.7650611059
329541.159006222
193298.171566897
361.863347182935
323495.240143148
218472.488458176
373.035612056185
325544.067706855
222466.915895654
354.040333494861
339760.786433911
217478.675832114
320.259746280419
347714.933463909
208739.497256497
344.894212805157
333995.577570557
213802.608427941
331.565764346999
362023.511267421
190179.741279888
340.870521665908
348746.867375802
210772.019349281
346.649024132275
294763.945574665
224353.591245457
364.137190651322
326979.609389121
217662.647329379
326.506605845507
323824.094819933
202669.937618827
356.662842454372
305803.656031196
198888.248388646
356.232566075369
332084.950100832
208595.165997754
373.177151906863
304618.8538222
207381.003643567
337.049928485388
348080.34654896
206042.261034481
349.181199947775
320706.732875732
206016.24000694
354.34096906834
329065.244337219
206413.670096024
356.943310247513
345949.693083136
208660.128089631
348.791234768048
323733.351172811
239249.743495288
337.03055159463
331247.120963012
208531.78476361
340.629346170807
353303.388747237
223434.829852475
364.109920024652
334255.01467464
215465.957774385
344.747963546175
336282.622920992
200207.112086398
353.234859525688
329560.69195674
207650.418165331
320.451990646104
335026.853121418
204316.964205334
346.961886498312
303866.141388827
211110.484289263
373.117039846982
349685.021579473
213157.892676007
356.757619930276
344762.812461703
231758.691290126
353.524576896779
362674.264279325
214988.230009499
361.565282328176
348101.621176671
223963.14395983
356.908896869257
332602.010019705
206595.107047026
369.494652773193
322864.440606524
203650.430695323
329.879262900078
332169.84519222
205182.937765249
351.757053353881
313102.821282424
208616.822574502
354.496774071473
314011.7725015
218272.436805595
336.027097612541
343886.624650882
219484.231045607
351.032194709441
324370.755681676
221212.387866952
367.50580788032
329769.397597783
195381.015920588
328.146235255056
324704.944576707
210070.628275867
350.833527112127
340492.904268192
209687.888709633
380.183673532479
333934.533727698
201639.614367006
357.462440521534
360486.457936894
210804.410641251
359.217150779955
323161.129407053
213281.806557889
352.417615295247
351888.007737105
204591.203241489
357.924891096008
338211.027207783
214587.278942517
388.155207322698
318820.761547075
204086.345635917
324.119314986121
294510.005487232
207063.741978476
335.933052727291
322075.465272393
213049.053295558
319.982649866809
360244.072648647
217389.202584087
374.827146562128
331314.372216297
209631.786755642
357.780169145173
333183.661284413
218640.278492693
337.919470816268
325616.934450559
210704.045353153
347.049213349796
346278.452396366
208219.278640513
367.393377092954
335865.639853614
193607.288588238
355.411605327648
362625.734390311
208513.327359872
361.096360523631
324126.099035073
203057.387402383
368.21059880514
387176.271986935
207454.964287751
341.423736163563
322684.644792175
220599.919287205
353.056101496451
343957.895734206
188481.161120244
346.772094754962
321187.209512688
236535.999397848
412.844976674023
338012.910604226
220944.39807352
329.925653091129
339112.203053337
221698.877114351
363.390117237097
333378.429105687
212252.593400718
364.730272831923
345363.416134836
204020.111184316
374.904491112746
342356.292811158
208036.51973038
361.614558069845
356853.798541602
211072.244234565
335.39270734045
321191.125705513
205485.303285095
360.501186007654
360879.79738836
205776.883407429
352.035960412922
343533.639250728
188165.369643227
340.34559341858
339026.064275075
224141.49761885
370.646556424437
324752.526540354
218193.511111512
360.518666768503
326419.056735925
201876.246416323
342.754137367574
338591.210766293
217063.042940462
371.636095517411
308557.379248122
217797.001264529
388.68153396581
319455.856820188
180398.1501141
374.5789596683
344703.045370032
206481.703214605
350.484622845996
350148.605386185
196515.318565237
381.659909024856
331144.741797417
220754.10628324
371.259287932332
350471.138013308
201301.034298702
361.402941674097
350736.064687516
213639.493161917
366.254864159814
336997.104366521
207055.560859298
365.72933570552
337189.099726341
216557.901386471
345.222927125847
341618.785888493
222717.485224937
353.310681637888
351646.056684647
227119.338629313
351.040407994089
356914.067287282
211627.340025181
364.14040052775
367384.66762386
217717.550397645
354.885913940123
338025.851633551
192248.566849283
360.451692356975
334226.501076059
219456.365730032
344.049403309302
340695.110557093
211749.996808952
352.266935146397
363689.141356342
216115.93060898
349.949158665122
331653.455507619
213641.241482936
341.730802033506
350191.568718627
200907.898800379
347.037579427445
339013.019310732
197559.867589065
316.224390701138
330537.14407186
202864.804435472
347.746386209077
335483.209483392
223746.993768001
368.514230626466
334657.516839874
206967.937655337
365.528347553469
342253.393846992
206316.38763199
325.521113814845
320496.052561652
201002.091398693
334.69692665448
318827.563296204
207693.325277326
328.117045339116
349910.280293591
219229.628656184
354.433090215942
338640.601235821
197626.093942115
371.707037562399
323033.752008186
210225.785154867
387.002811532437
353826.066778648
221866.661210008
355.896528624337
338251.200749617
202988.312731124
351.567671013202
347878.315864835
194879.089922572
359.434951516218
310280.853680652
192596.611540038
338.779596820321
344444.749652122
201610.142820306
386.948003451104
355128.957800574
207803.309883532
356.734260929179
330697.890220193
219177.640573821
340.436352159474
311545.70774701
217775.989865262
337.667516237963
356327.003450346
199554.613550043
355.607577345646
357048.58165664
209083.972592795
343.000268165215
311475.328641487
197400.697587728
350.185547450503
316708.746029556
228108.595379623
427.440387104806
322634.00579012
220628.042005762
328.389226743189
351369.082616673
198722.321469324
372.129377318728
385973.08109691
192481.848163161
306.046533591918
324257.13982752
213190.53921972
363.657778958539
345416.941804072
207562.090552359
366.265239606028
350761.822887915
207319.977238715
347.117503246064
337339.946637561
214085.813487753
335.696698917737
341333.939961575
224116.663958787
343.127401421384
352331.338119328
211628.162119806
371.259287932332
339512.586363244
200394.387390177
352.152839136621
355628.212063715
213974.785898458
363.619859300786
322745.959566504
213901.350011115
355.194106245592
330636.650879452
213406.278049212
366.74178481813
364334.192501139
224336.586590332
352.485458615179
348131.108200687
218682.878326498
348.965464188862
331441.928744004
218889.682795633
311.120175250089
318559.965057934
204880.555190371
346.282106522907
329395.7624004
214660.264408048
377.778991934644
345652.930587866
209723.961319695
348.598173625987
352481.452630998
194775.079741721
368.074251763451
375469.574316553
