-3.02304
0.160066
-0.865784
0.873264
0.214725
-0.0504722
-0.384534
1.25888
0.926242
0.663844
-0.938053
1.07558
0.55485
0.0339336
-0.512945
-2.1705
-1.33217
-0.346584
-1.04803
-0.970496
2.27427
-0.136552
-1.17958
-2.5994
-2.36928
-0.311053
0.0794508
0.17939
0.257916
0.27194
-0.969149
0.420788
-0.123668
-0.379596
-1.58013
0.273289
0.78345
0.850967
0.0498595
-0.5188
1.15509
0.602791
1.70498
1.44462
0.0988054
-1.06987
-0.095193
-0.721411
1.09044
-0.807806
0.771033
1.00957
2.72609
3.42696
0.283229
-0.272972
-0.624307
-0.532237
0.99504
-1.98193
-0.316357
-1.32477
0.459899
-1.58736
-2.37438
1.39698
-0.595103
-0.604076
0.222168
0.499207
0.98468
0.602241
-0.037761
-0.822631
0.654907
-0.0791438
-0.105573
1.63673
0.657089
-1.23573
0.250883
-0.29176
0.62803
0.276626
0.182501
-0.354882
-1.02976
-0.755067
-0.188727
0.851957
0.0428906
2.32597
0.679372
-0.397333
-0.958197
0.405126
-0.0203118
-1.52572
0.523707
0.0120488
-1.04723
1.64083
-1.07327
1.31128
0.504065
-0.515652
-0.185146
-1.473
1.83319
0.47663
-1.02264
1.16137
0.921787
0.207138
-0.872928
-0.923426
0.904723
-0.0620419
-1.01289
0.00983022
0.618925
-0.238901
-0.584089
0.173175
0.473975
0.693021
0.588541
-0.0619652
-1.16002
-0.337662
0.972826
-1.81067
0.0426609
0.420621
-0.186002
-1.25534
1.63848
1.41444
0.124516
-0.396174
-0.0709354
-0.31869
1.02354
-0.476459
-0.110266
-0.607109
2.11938
-0.53074
0.640847
0.169448
-0.856033
0.710538
0.992159
-0.259419
0.00225671
1.2274
-1.9194
2.55096
0.182968
-1.63995
0.0786066
-0.863005
1.00703
0.323281
0.405957
-0.84932
1.00335
-1.15852
-1.22691
0.653012
-0.484358
1.56381
-0.564872
-0.422544
-1.07914
0.62217
0.97258
0.547548
0.253963
0.665752
-0.665943
-1.06043
-2.94448
-1.54638
0.864116
1.04776
-0.804418
-1.19725
0.133773
-2.19028
-1.2067
-0.114269
0.681493
0.48496
0.109112
-1.44745
-0.159291
-0.834708
0.513556
-0.552353
-0.159368
-0.730871
0.196442
0.0817532
0.328363
-0.993661
0.0103657
1.78713
0.512247
1.43814
-0.878091
-0.423548
-0.92167
2.58834
-0.10688
2.88074
-1.29589
0.319092
-1.31417
-0.156735
1.48718
-1.66024
1.25148
-0.553334
-0.747762
0.735776
-0.225698
-0.8346
0.326748
0.264089
-0.121587
-0.0844399
0.247727
0.344391
1.05721
0.949397
0.318046
0.585542
0.16557
-0.318287
-0.899208
0.636906
0.138637
1.3111
-0.697112
-0.881809
0.265595
0.520113
0.213708
-0.381817
-0.0138849
-1.40248
0.645645
0.284663
0.30648
0.499034
0.85791
-1.04024
0.191765
1.11574
1.35041
0.2916
0.605821
-1.71455
0.433779
1.98686
-0.481693
0.17434
-0.507717
-0.938766
-1.23425
1.12189
1.04169
0.656709
-1.0157
-0.44845
-1.40947
-1.42831
0.36108
0.915371
0.113268
-0.130069
-0.230173
-0.528011
-0.0864361
0.0030217
-1.02509
-0.459219
0.637187
-0.484874
0.941146
1.74005
1.14236
0.597845
-0.524234
1.58925
-1.13958
-1.50832
0.789077
0.0616586
0.278375
1.70727
-1.45911
1.15345
0.39576
-0.461771
-1.25466
0.0126608
-0.74847
-0.552532
1.40494
0.128603
0.42012
-1.20275
-0.018705
-0.307763
-0.00799418
0.818132
0.0232194
-0.299272
0.490647
0.0806787
0.269638
-0.265832
-2.51866
0.547193
-1.27803
0.313543
1.09502
-0.0213065
0.666134
-0.00776468
-0.305197
0.790436
0.13277
-0.366229
1.70302
0.3341
-0.928476
-0.320622
-1.11874
0.653485
1.66176
0.284503
-1.91364
-0.440344
-1.59007
0.356348
-1.11874
1.02393
1.09991
0.245282
0.587722
1.05361
-2.17863
-1.14324
0.547282
0.297992
-0.780438
-1.50665
-0.958439
0.316276
-0.409781
-0.469358
-0.33831
0.415195
0.850199
0.866452
0.0665646
0.282194
0.835142
1.28498
-1.05895
0.332321
-0.247096
-0.66289
-1.096
1.05895
-1.50498
-0.181956
0.184913
-0.517837
0.12074
-0.753541
-0.492028
-1.22319
0.870691
-1.10441
-0.570264
0.799881
1.25483
0.805159
0.655096
0.292957
-0.355452
1.06541
-0.743822
1.09656
-0.740698
-0.675907
0.106496
2.16568
-1.60904
-1.39556
0.0618886
-0.184524
-1.31254
-0.647059
1.23474
-0.729772
-1.05135
-1.14989
1.48811
-1.40432
-1.67375
-1.56563
-0.422293
1.37028
-0.256967
-0.169293
1.60876
0.982943
0.0858987
1.0031
0.50589
-0.259339
-0.645927
-2.62491
0.0641881
1.69331
-0.256729
-0.702781
0.216135
-0.658418
0.478946
1.60072
-0.162391
1.22773
-2.44854
1.56303
0.257362
0.793157
0.193402
-1.06947
-0.764357
-0.297592
-2.62973
-0.207216
-1.39011
0.412278
1.05855
-1.51527
0.881809
0.418115
0.500074
0.851297
0.0756143
0.483498
-1.06798
0.494447
0.606465
0.764562
-1.86533
1.12017
0.370568
0.543376
-1.36931
0.130686
1.62487
-1.56511
-0.597845
-1.05735
2.09199
0.305438
-0.546837
1.42197
-0.338391
0.508761
-0.776813
-1.01136
-0.704544
0.0537661
1.29465
-1.2458
1.29678
-0.146597
-1.40432
0.779298
-0.947119
1.94972
0.758326
1.12823
-0.804207
-0.108958
-2.67345
0.676484
-1.20528
-0.241185
-0.492632
2.43795
-1.76746
-0.66795
-0.880568
-0.681783
-1.02148
0.306319
1.20228
1.54714
-0.857247
0.771033
0.373355
0.403632
1.33552
-0.111883
1.41382
0.423883
-1.03314
0.348697
0.175194
-0.196676
1.58066
0.101881
0.198236
0.0915051
-0.657943
-0.261239
-0.384616
-1.7913
0.824778
-0.854158
-1.47368
-0.280841
0.229466
-1.46894
-0.849979
-1.01148
0.370077
-0.114731
0.264485
0.516788
-0.14768
0.480233
-0.262347
0.977009
0.233238
-0.843083
1.63965
1.15524
-0.274878
2.24007
-0.895318
1.25753
0.187715
-0.145747
0.324812
0.54906
-1.64852
-0.566398
-0.642726
-0.233631
1.25534
0.553958
0.608121
1.25938
-0.270035
-0.260051
1.3039
-0.499814
-0.284264
0.177836
-0.375735
0.624028
0.659939
0.632228
0.641598
-1.08339
-0.841011
-0.604994
0.468931
1.34775
-0.337581
0.0442689
-1.22984
1.32514
-0.830705
0.0450346
0.398409
-0.154721
0.489181
-1.33813
-1.40803
-1.43406
-1.91412
-0.371634
-0.503718
0.516613
-1.06838
-0.266704
-1.49205
0.455822
0.59757
-0.846252
0.507282
0.294235
0.398575
0.110497
-1.2913
0.113961
-1.64852
1.9528
-0.090276
1.88035
0.606373
0.0776859
0.46748
0.503805
-0.326264
-0.282911
-1.64525
0.877079
-0.9559
-1.5479
-0.494274
0.787407
-0.797881
-0.462367
-0.03845
-2.35927
-0.151316
0.0196997
0.268766
0.701606
-0.250568
-0.385852
1.00538
1.57455
0.314186
2.78021
-1.61212
0.158206
1.09642
-0.287771
-0.506064
-0.570354
-1.93161
0.286017
-0.276229
-2.0832
-1.86576
-0.111267
1.07109
1.52818
-0.248437
0.604627
0.283468
0.871921
1.15241
0.208545
0.240476
-1.41175
0.817491
-0.0948857
0.229152
0.226091
0.17434
0.90047
0.44752
-0.402719
-2.31804
-0.620964
-0.408201
-0.731971
0.742209
-0.327233
1.12577
-1.19085
0.599492
0.329009
1.2478
-0.903917
0.0892775
1.29306
0.772476
1.81462
-0.851077
1.29042
0.832434
1.67874
1.03132
1.22838
0.328443
-0.894747
0.297432
-0.62803
-0.67245
0.619481
0.799881
-0.950478
0.564782
-0.0477915
-1.39516
0.865228
1.05962
-1.15211
-0.503023
0.184835
-0.0677914
0.712903
-0.871026
0.606097
2.5776
-2.16092
0.378939
0.500507
-0.937935
-1.46022
-0.597845
0.458284
0.990034
0.1425
-0.328605
0.770518
-0.730571
0.353741
-0.733371
-0.825316
1.89627
-0.57766
-1.99744
0.736277
-1.02859
-1.67499
-2.35557
-0.38915
0.368848
-0.403632
-0.215822
-0.210813
-1.33664
0.113499
0.522304
-0.417948
0.405708
1.15643
0.0890471
0.176437
-1.60736
-0.0858987
-0.643385
-0.184524
1.09544
-0.0336275
-1.35672
0.165725
0.551641
0.767023
1.09949
1.0388
-0.544618
1.10019
0.371634
0.664607
0.948797
0.724491
1.13548
1.3305
1.35653
0.0550685
-0.150542
-1.23918
-0.374504
0.927064
-0.18219
-0.954813
-3.13663
0.405542
0.750598
-1.52425
-1.34189
-0.290642
0.478602
0.869127
-1.01904
-1.06757
-1.65994
-0.39576
-2.08455
2.02222
0.378939
-1.61043
1.36677
0.351706
-0.17201
-2.03238
-0.69799
-0.274242
0.396174
0.778573
-1.99856
0.938648
-1.08739
0.343174
0.126675
2.13183
-0.0918123
-0.789913
-0.522392
0.779505
-0.405542
-0.048634
0.274163
-1.26737
2.15542
0.692924
-1.03262
-0.109497
0.558155
3.02304
0.757103
0.362877
0.308645
1.6082
0.490647
-0.553958
0.169138
-0.552264
0.121202
0.560301
-0.685745
0.117273
-0.0184755
1.66512
0.439417
0.723
0.314347
-0.136398
0.837204
0.66051
2.28768
-0.825209
0.330463
1.33963
0.23088
1.39435
0.0138849
-0.0265864
-0.126367
1.22303
1.55812
-0.904263
-0.668332
-0.830921
0.614299
1.56433
0.318851
-1.7352
0.36206
-1.8182
0.141728
0.111729
-0.134931
-1.54335
2.65483
-1.13709
0.255702
-1.64142
-0.943173
0.413111
-0.433191
-0.479031
0.395016
-0.226169
-0.182734
-0.766715
0.463559
-0.968293
-0.00615817
0.0191641
0.851407
-0.163476
-2.61078
-0.413861
-0.316276
-1.13316
0.94365
0.62282
1.23262
0.367375
0.386924
0.0363065
0.624865
0.634659
1.71788
-0.0857451
-0.349754
-1.21498
1.30857
0.920033
-0.113576
-1.2336
1.12376
0.710735
-1.76093
-0.210422
1.52303
-1.49275
-0.974669
-0.801989
-1.19054
0.230409
-1.18327
0.300952
0.202139
0.496696
0.617535
1.37637
0.439164
-0.528715
0.873712
-0.31025
2.80671
0.747155
-0.825961
-0.951921
-0.283866
-0.910729
0.204403
-0.857358
1.75235
-0.876966
-0.300952
-0.512945
-1.17088
-0.848224
-1.6825
0.742713
0.709652
1.1802
-2.91647
-0.129143
-0.185613
0.847128
-0.0970375
-0.0128904
0.672546
-0.711129
0.149459
-1.32403
1.41883
1.24714
1.06703
-1.55786
-0.0228368
0.337257
0.665752
0.693702
-0.656519
1.3402
0.813331
-0.842974
0.132847
-1.63294
0.0556048
0.8077
0.536384
-1.97651
0.618091
0.134159
1.36716
1.153
0.830705
-0.508848
-0.266466
-0.0454175
-1.6203
0.390636
-3.13663
0.734172
0.694092
-0.773094
-1.01621
-1.57587
0.441608
-1.84271
-0.396505
0.518275
0.835033
-0.160453
2.09063
0.346584
-0.537975
-0.0577502
1.14722
-1.40988
-1.27595
-1.06595
-1.06689
1.39172
-0.499467
-0.32175
0.892125
-1.67842
0.893492
-0.70631
1.26959
-0.654148
-0.614761
-0.813331
-0.7409
1.02006
1.14959
1.21434
1.01429
0.277421
-1.7404
-0.940313
-0.901158
-0.369421
-0.127524
-0.896232
1.25064
0.313463
0.116426
1.35117
0.0566775
0.614761
3.20667
1.87102
1.11431
0.995291
-1.05081
-0.320219
-0.569904
-0.950358
1.93908
0.648946
0.572786
-1.86795
0.371961
0.887919
0.630827
0.908415
-1.15211
0.579559
-0.318448
0.384863
1.37499
1.2248
-1.84986
0.750395
-0.128526
-2.42908
-0.743419
-0.20581
-1.00855
1.39861
0.00424568
-0.697112
0.688651
1.31964
-0.794415
-1.85071
0.742713
-0.744629
0.142346
0.864672
1.04512
-0.43546
0.0977293
2.39947
1.12333
0.376885
-0.746346
0.888259
-0.329089
-0.340092
-1.81224
0.154257
-0.258865
-1.17606
-0.453955
1.27595
-0.836335
1.55632
-1.15003
1.03353
1.2478
-0.136861
-0.765074
0.344472
0.151161
0.316115
-0.192544
-2.13257
1.09907
-1.08202
-0.620686
-0.547637
0.47235
0.154644
1.73727
0.272098
0.800302
-0.194961
0.909225
0.641692
-1.09949
0.0414358
-2.05208
-2.45784
0.669193
-0.429245
1.29377
-0.094732
0.731971
-1.63995
0.334424
-1.97436
0.474489
1.86751
0.00110923
0.542844
-0.625144
0.924364
0.376228
0.246149
-0.632228
1.01199
-0.100266
0.668715
-0.380994
-2.18359
-0.058823
0.322555
-0.243312
-0.295993
-1.917
-0.556814
0.245203
1.19459
-0.170846
1.48741
-0.297672
0.0831348
-2.32369
1.94716
1.10398
-0.157509
0.523356
-0.431763
0.259419
-0.00363369
0.150001
-1.76238
-0.31017
-0.728874
1.53287
1.07818
1.80051
0.276229
0.212065
-1.42937
-0.235204
-0.509197
-0.00355719
-1.40473
1.14929
-0.51216
0.77733
1.49766
0.223501
-0.785011
-0.584906
0.152786
1.14752
-0.674274
-0.520376
0.604168
1.11048
-0.735275
-0.875282
-0.133773
1.22838
0.187403
-1.89905
2.59273
-1.56122
0.303354
-0.652823
-0.954813
-1.19459
-0.733972
-0.0128139
1.74845
-1.6518
-1.40761
-0.418867
-0.583636
0.0389859
-0.0236785
-0.221698
1.43749
0.256097
-0.547104
-0.0608156
-0.249068
1.65782
0.12151
0.973808
0.82188
0.847566
0.234889
1.12678
-0.47312
1.5479
-0.61911
1.58333
0.579197
-1.13767
0.755067
-0.0680214
-0.931069
-1.93211
-1.73211
-0.113576
1.09071
-1.09795
-2.18442
-0.796829
0.909803
0.831677
0.771033
0.408367
-0.528011
0.77702
1.41528
1.00323
-0.697893
-0.0030982
-1.99519
-1.43449
-1.86795
-0.368602
0.569004
-0.228053
-0.913744
-0.530387
-0.907376
0.658513
-1.10426
-1.56981
0.0642647
-0.361488
0.865895
-0.999315
1.2808
-1.11788
-1.89213
-0.909919
0.908069
-0.676965
0.178147
-0.393693
0.100266
0.425892
1.12996
1.49485
1.60072
-1.25248
-1.02264
0.145824
0.842537
1.25433
-1.45733
1.13738
0.924598
-0.283787
0.122589
0.445322
-0.123283
-0.578745
1.63965
2.10025
0.606925
0.239925
-0.605638
-1.11716
-0.848991
0.254674
-0.031714
-0.370978
-0.739089
-0.0540726
0.500941
1.62717
0.443043
2.11007
-0.714285
0.0340102
-0.719825
1.27045
-0.0392156
-0.449719
0.0941172
0.17838
-0.421959
-0.390306
-0.957229
-0.552888
-0.774642
1.42429
0.64235
0.866898
0.386511
0.486509
-0.612544
0.728575
-1.51866
0.588086
1.07613
-0.408201
-1.70204
-0.0393687
-2.03784
0.987042
0.301592
0.101881
0.263852
0.173019
0.763333
0.35855
0.51504
0.706114
1.11702
-1.00272
-0.192934
0.794205
-2.02519
-0.155109
-1.72631
0.0157976
-0.615038
-1.4888
-0.690786
2.09817
0.0161802
0.293756
-1.46826
-0.338472
1.70106
1.08065
-0.419368
-0.700237
-0.554761
-1.63556
2.44245
-0.944486
-1.48395
-0.771754
-0.521778
0.795569
0.384287
-1.38073
-0.634846
-1.09628
-0.780542
0.157509
-0.922021
0.337905
-1.24315
-0.116272
0.702585
-0.429413
-1.57693
-0.575402
0.508065
1.14192
0.170225
1.11931
-1.39698
0.825316
3.401
0.345122
0.302473
0.239846
0.235597
-0.86234
2.03117
-0.733872
-1.72461
-0.709357
-0.658418
-0.235754
0.823704
-0.605362
1.28185
-0.306961
0.605454
-0.818667
-1.6169
0.265198
-0.374586
-0.355126
0.434704
1.97813
-0.759959
1.25786
-0.393528
1.67999
0.426479
-0.835684
-0.575853
-0.37065
0.0802949
-0.550483
-0.772269
-1.28376
-1.24414
0.551463
1.01021
0.445069
0.91212
-2.52603
-0.021689
0.265357
1.51672
-0.551552
0.268448
0.664798
1.14472
1.35461
0.954572
0.268686
-0.510416
0.786573
-1.03588
0.107034
0.493151
-0.267259
2.46736
-1.27062
-0.223423
-1.91989
0.488577
-0.646776
-0.958076
-0.743318
-0.881583
1.0903
0.716953
-1.66849
-0.0420483
-1.5879
1.76528
-1.37224
0.164872
1.78112
0.186314
1.16831
-0.23088
-0.245203
-0.218563
0.40845
0.928241
1.59989
-0.573597
-2.84396
0.295673
-1.65031
0.401724
-0.19691
1.69011
0.263614
-0.838508
-0.216291
-0.410946
0.313704
0.872033
-2.58617
-1.25215
-0.267814
-0.592183
-0.476716
0.931659
1.05161
-0.49151
-0.849979
0.162856
-0.0776091
2.58401
-0.168129
-0.335881
-0.205028
-0.292718
0.202998
1.16378
-0.419535
-0.270511
1.6551
0.0229133
-0.205497
0.274878
0.761287
-1.38092
-1.03132
-0.81365
-1.35729
-0.475345
-0.0707053
0.329574
-0.432267
-1.40968
0.291121
-1.06771
-0.580736
0.934496
-0.153328
2.53734
-0.768975
-1.24083
0.0476384
-0.629242
-2.43944
0.19231
0.740698
-1.23984
1.86926
-0.333373
1.30462
0.0544556
-0.76323
-0.516875
-0.053996
-0.494101
-0.216213
0.72161
1.00108
-0.281637
-0.182812
0.595286
0.62775
-1.33217
-1.39354
0.684197
1.02354
0.352601
-0.359448
-0.062655
-1.31417
-0.213943
-0.883955
-0.403964
1.36192
-0.741101
-0.494966
-1.01826
-0.408284
-0.906683
-0.605913
-0.820594
-0.944486
-0.42539
-1.51071
0.00478118
1.79512
0.87517
-0.134622
1.35941
-0.918166
-0.0453409
-0.0700151
0.522216
-0.67889
1.52768
-0.590452
-0.525726
0.924716
0.913977
0.331594
0.824134
-2.44701
-0.640377
-0.554761
1.67437
1.07791
0.0437329
0.546127
-0.655191
1.41216
-0.0219186
-1.31927
0.93841
-1.42767
-0.575041
-0.295354
0.367211
0.0378376
-0.172476
-1.07709
1.95953
-1.44224
-2.56303
1.37087
-0.223266
0.691369
-0.886558
-1.27182
-0.193869
0.461941
0.0687882
0.931541
0.982943
-0.608305
-0.00126223
1.12852
-1.04077
1.89259
0.0963458
-0.769901
-1.50049
-0.825209
-0.849759
-0.867232
-0.843301
1.71455
0.236541
0.639626
-0.540629
0.467224
0.793052
1.41403
1.46423
1.01238
-0.646493
-1.25114
-1.53909
1.30337
-1.04367
1.24133
-0.360019
1.71355
-0.301352
-0.435881
0.480491
1.21355
-0.305197
-0.168052
0.452768
-0.621614
-0.0430437
0.0698617
0.848991
0.820808
0.662986
-0.0333978
0.945443
0.148531
-0.58645
-0.392949
-1.60597
1.34851
0.715668
-0.335881
-0.575763
-0.802095
-0.454973
-1.64348
1.18312
-0.678216
-0.243469
-1.05869
1.15167
0.274401
0.784594
-0.852947
-0.121356
0.712016
-0.167897
0.349022
0.858021
-0.936748
-0.460239
1.78903
0.551641
-0.850418
1.09335
-1.67158
0.653296
-1.79858
-1.12246
-1.38931
0.132461
0.173718
0.0828278
-0.775986
-1.42429
-0.511201
-1.51841
-0.224286
-1.10906
-0.669193
0.917817
0.0219951
-0.616703
2.25538
1.38212
-1.16634
-0.569724
0.544529
-0.0729295
-0.539567
-0.399817
0.0629616
0.882034
0.0431969
-1.49602
0.951079
0.136784
-1.26108
0.0239846
1.61352
0.592092
-0.0654146
-0.122358
1.39759
0.122743
-0.344391
1.1971
0.411695
-1.16242
0.018552
-1.21371
-0.583454
0.116734
0.810884
-0.33402
1.07191
0.656804
-0.0907369
-0.359366
-0.14567
0.217075
-0.308003
0.337257
0.144896
-0.0436563
0.980837
-0.893835
-2.33757
-1.23049
-1.74353
-0.766202
-0.655855
-0.226797
0.546393
-0.144046
-1.11204
0.110651
1.06595
0.865562
-0.778055
1.43129
-0.486337
-1.06595
0.271146
-2.31579
1.70139
0.0935026
-0.287452
-2.2448
-0.715766
1.20402
0.233867
-1.02535
-2.13109
0.0883559
1.38331
0.392701
-0.757205
-0.23898
1.82262
-1.29837
-0.254437
0.0153386
-0.425306
-0.444309
0.319736
-0.672067
-0.553512
0.0841328
1.27406
-0.0549919
-0.444984
0.452599
-0.0995742
0.208936
-0.220444
1.42071
-1.17012
0.42539
-1.04208
-0.682748
-1.21819
-1.27011
0.494447
0.940194
-0.0232194
-0.116194
0.394602
-0.205732
0.358224
-1.28603
0.956504
-0.335476
1.16483
0.0502424
1.77777
-0.267101
0.599858
0.333453
-0.320944
0.890532
1.0475
-1.52255
0.654433
-0.352113
-0.720519
0.911424
0.784803
-0.600958
0.159136
-0.935681
-1.15405
0.697015
-0.217779
-0.584543
-0.950358
0.111036
-0.702291
-0.47158
-0.755168
0.40712
0.51985
0.440597
0.367375
-1.58898
-0.441271
1.66696
-0.465774
-0.502589
-0.982323
-0.335719
-0.59346
1.76383
-0.718537
-0.640847
0.318207
0.693605
0.209092
-0.609778
0.559675
-0.418199
0.5655
-2.02222
0.52599
0.333696
-1.14369
0.582457
-0.303114
0.0600492
1.09907
0.232531
-0.0121253
-1.86926
0.444815
0.134468
-0.386429
0.182968
0.720122
-2.00196
-3.22003
0.117966
0.668428
-0.576214
0.820486
0.975038
0.59419
-0.534619
0.0970375
-0.238901
-1.27148
-0.280921
-1.30051
0.434956
-0.986918
0.498514
0.44203
0.638781
1.21723
0.695358
0.175116
-0.628216
-1.21883
-0.621521
0.623285
2.00423
-0.0303363
-0.789495
0.845924
0.286894
-0.389316
-0.0435797
2.96868
-0.322152
1.62573
-0.770107
0.332564
0.190908
-1.05574
1.47504
-0.105649
0.364675
-1.65812
0.400895
0.650741
-1.28167
0.387336
-0.843083
-0.724591
0.619295
2.54507
0.687488
1.24431
0.119738
1.23606
1.12103
0.294874
0.582548
0.616055
-1.0282
0.694189
-1.02458
-0.241106
0.291041
0.573327
0.954089
1.20575
-1.52425
-0.266942
0.262743
-0.0298771
-0.122204
0.712114
0.198782
-0.424134
0.209718
-0.357571
0.673698
-1.39536
-1.30677
2.75554
-1.70106
-0.261951
-1.23622
-0.214804
-0.166423
-0.613652
-0.118043
-0.755474
-0.63925
0.363122
1.24315
1.16982
-0.127369
-0.223188
-0.732071
1.8044
0.64141
-0.407785
0.59191
0.262109
0.309287
1.2493
0.47466
-0.720419
-1.23294
0.0794508
0.569544
0.171156
-2.16728
0.0273516
-0.104342
1.89351
1.22464
0.531268
-0.687682
-1.26158
-0.622913
-0.0845934
0.270908
-1.6539
-0.289286
-1.19194
2.90588
0.643103
-1.74109
-2.62014
0.468419
1.71057
0.543553
0.677253
-1.07545
0.462877
0.286495
0.420621
1.97759
-1.46759
1.32495
1.08629
0.327878
1.22125
0.189506
-1.02703
1.27371
0.186314
-0.634285
-0.932722
0.319414
0.971354
0.440681
1.07422
-0.129375
2.11938
0.412778
0.549771
-1.56981
0.900126
0.664798
1.94564
0.97553
-0.484186
-1.18682
-0.822094
-0.54817
1.62373
1.00475
-0.675234
-0.786052
1.1085
-0.174107
-0.821344
1.46647
0.684971
-0.279329
-0.319334
0.145824
0.333777
1.56381
0.631855
0.631201
-0.282672
0.126136
2.0584
0.326506
-0.446336
-0.176282
0.324812
0.511986
-0.0247498
0.43546
-0.617813
-1.255
-1.51262
-1.08133
-0.115655
-0.914325
0.375899
1.06595
-0.624679
0.906222
0.318368
1.38391
-1.26874
-0.661366
-0.00715268
0.52766
0.536296
-1.2287
-0.326587
-0.0456472
1.76274
-1.28814
-0.114269
-1.32147
0.0520042
-0.451074
0.80823
0.931305
0.636625
0.160996
-1.62832
-0.887692
2.36051
-0.183512
0.36762
0.587086
1.28586
1.00665
1.3744
-0.0426609
-0.0506254
0.60527
0.698967
-0.295114
0.657658
-0.600774
-0.35073
-1.86315
0.924012
0.699553
-0.164484
-0.757816
-1.38871
-0.625795
0.320461
0.729872
-0.450566
-0.659749
-0.0376845
0.680432
0.155883
-0.390966
0.513818
1.84021
-0.248989
-0.604719
1.2206
0.233631
0.270511
-0.392453
0.84669
0.953245
0.896461
-0.193168
-1.39657
0.338229
2.10936
0.492114
-0.00179772
-0.899208
0.169448
-0.711523
1.08933
-0.556546
2.31024
0.915139
-0.246859
-0.462877
-0.256809
0.405874
1.48234
1.3039
-0.589724
0.71814
0.0644947
1.66726
1.3853
0.365002
-1.66542
-0.632415
-0.55735
0.815036
-0.649324
-0.562092
-0.380172
1.36833
0.909572
-0.695455
-0.461686
-0.739391
1.76455
-0.688748
1.50309
0.907722
-1.26243
0.194883
-0.74756
-0.316115
-0.872704
0.796409
1.26311
-0.497994
-1.6057
0.680914
0.580736
0.147139
0.120431
-0.335557
-1.22968
-1.48418
0.749179
-1.92279
-0.46731
-0.500594
-1.05828
0.0650313
-0.447604
0.64555
0.249463
0.200733
1.44571
0.413694
0.552799
0.205185
-1.46266
-0.539567
-2.18028
0.746043
2.79894
0.200733
-0.509371
-0.0624251
-1.10328
0.039139
-0.888146
0.124594
-0.312739
0.0274282
0.460239
0.592548
0.546571
0.294475
-1.15837
1.71655
0.614761
-1.58602
-0.745639
-0.0029452
-1.1092
1.94209
-0.108804
0.787929
0.285141
0.754456
0.286097
0.991909
-0.556993
2.88563
1.06974
-0.418449
-1.00563
-1.23885
1.78563
2.03057
0.21316
-1.20639
-1.48718
-0.437312
-0.257916
-0.174184
0.62626
0.858021
0.244809
1.16559
0.160298
1.32459
-0.820701
-0.741403
-0.918749
-0.152477
-0.466627
-0.783138
0.973071
0.784698
1.06312
-0.25839
-0.142887
1.63294
-1.66757
0.800934
-0.522655
0.0488638
-0.768975
0.436302
-0.554315
-0.944486
1.13694
-0.0694016
1.00601
1.35174
0.21543
-0.997301
-0.135703
0.473376
0.907145
2.09817
1.81781
0.03623
-1.35327
-1.6379
0.193869
1.09168
0.234417
0.26203
0.203232
-0.573958
0.801673
-0.286734
1.18312
-1.17728
1.85156
-1.57402
-0.206904
-0.401973
-0.362305
-2.88074
-0.475945
-0.80104
0.778469
-0.0231429
-1.54537
1.22125
-0.259577
0.172786
-0.137711
0.543376
0.172709
0.21496
0.26948
-0.857689
-0.318046
0.758836
1.31545
0.161848
0.885652
0.837638
1.62803
0.739391
-0.851957
0.331836
0.0349287
1.00817
0.935088
0.610331
0.497648
0.302153
-0.262347
1.16695
2.11506
0.0825208
-0.665084
0.253489
0.469871
0.36059
1.6515
0.156657
-0.608857
0.025515
-0.832218
1.15509
-0.954692
-1.04064
0.589087
0.50016
0.142887
0.311133
2.69304
3.84192
0.248673
0.0349287
0.0631916
-1.6882
0.964633
1.24083
0.128449
-0.652633
-2.55295
1.50072
0.905876
-1.28254
-1.12246
1.05588
-0.301272
0.713791
-1.51214
-0.449465
-2.14006
-1.43878
-0.332321
-2.49735
-0.738486
0.188104
0.663367
-0.372699
-0.152477
-1.20165
0.942338
-0.266942
-0.468078
1.50855
0.245992
0.162081
1.13928
0.214099
-0.717942
-0.463218
-0.725486
0.323361
0.399983
0.406538
0.707685
-0.000956232
0.0288057
-0.932486
-0.202217
-0.0727761
2.15386
1.21083
-2.01112
-1.45183
-1.32495
-0.280921
-0.475602
1.49298
0.963415
0.185302
-0.0145735
-0.267101
1.4033
0.0550685
-1.21275
1.08463
-0.207216
0.683424
2.62973
-0.742713
-1.87811
-0.0869736
-1.18312
-0.37065
-0.411779
1.58898
-2.04521
1.57402
0.776296
0.76098
0.759652
0.676772
0.290084
-1.70563
-1.61803
0.135857
0.51775
-1.10159
-0.563885
0.617165
-0.43967
-0.391545
0.0245202
1.34984
1.59496
1.43921
1.08629
0.176903
1.55248
0.500854
-0.505369
2.36175
-0.188805
1.55735
0.265515
-0.0224542
-0.971599
0.596565
-1.6551
-0.458029
0.00692317
-0.77361
-2.15855
-1.00513
0.0923501
-0.521953
1.0308
0.115424
-0.387088
-3.0305
-1.19257
-0.565769
0.12205
-3.15829
0.72469
-1.4298
1.38891
0.86345
-0.810778
-0.295993
-0.130995
0.755474
1.14589
1.37303
0.0971144
0.369749
-0.674946
0.286894
0.367784
0.564603
1.68187
0.177059
-1.05761
-0.392536
1.07327
0.766407
0.646116
1.5706
0.864783
-1.23294
-1.1842
-1.95331
1.57667
-0.150155
-0.831569
0.351787
-0.849869
-0.434031
0.708472
0.382558
1.68503
-1.01955
0.342768
-0.924364
-0.194649
-1.42619
-0.267576
0.693605
0.729173
0.960742
0.501548
-0.235282
-0.00378669
0.360917
-1.38172
-0.570624
-0.906568
-0.733471
0.308725
-1.84271
2.03419
-0.429664
2.07523
0.0687882
-1.59197
0.179546
-0.216683
-1.06339
-0.258865
-1.02561
-0.517837
-0.77702
-1.62201
-0.627191
0.243785
1.06231
-0.428742
0.209562
1.42281
0.630921
-1.94972
0.803467
0.346909
-1.40024
-1.26141
0.0624251
0.252147
-0.162236
-2.04151
0.432183
2.02937
-0.201046
-1.4347
-0.404379
0.918633
-1.23671
1.30229
0.217388
0.554493
-0.889281
0.290962
-1.71956
-0.591636
0.153483
0.293756
0.339363
0.988662
0.119276
0.372125
0.179779
1.74005
-0.452599
-1.63352
0.408201
-0.823167
0.81653
1.01673
-0.69682
1.17912
-0.0291883
0.158594
0.725287
-2.03601
0.621706
-0.0955004
-0.552977
-0.183901
0.384122
-1.3417
1.42873
-1.95901
-0.787825
0.681011
0.0984211
-0.451413
-2.68452
1.34813
0.53356
-0.608765
0.742209
-1.64941
-0.802833
-0.686035
0.118505
-1.94869
-1.06298
0.0943478
-0.298712
-0.109343
1.02432
-2.02638
-0.226169
-1.0134
0.642726
-0.355778
-0.305758
-0.996421
-0.358305
-0.0122018
-0.481521
-0.319736
0.134236
0.51985
-0.103111
-0.328121
-0.808442
2.63462
-1.01455
-0.349266
-0.115424
-0.801989
0.940789
1.266
0.532061
-0.168362
0.539213
-0.561465
-0.047332
-0.930715
-0.0747705
-0.451413
-0.200187
-2.024
-0.122204
-0.524058
-0.433359
-2.07589
0.130532
1.02109
0.734773
0.323684
0.123823
0.451074
1.998
-0.0583633
1.46467
0.494793
0.39171
0.64395
1.31327
0.132307
-0.267576
-0.302153
0.825854
-0.862229
-0.589451
-1.44375
-0.293596
-0.439417
-0.158671
-1.47663
-0.107265
-0.00340419
-1.41862
0.798196
-1.07422
0.400149
0.908993
-0.199953
-0.769078
1.06595
0.717844
-0.438743
-1.41904
-1.54917
-0.74847
0.031714
-0.211282
0.20167
-0.00478118
1.39657
-0.187559
-0.788033
0.163321
1.34359
0.101496
0.261318
-0.843847
0.335314
-0.121125
0.860455
-0.497215
0.189194
0.0671013
0.457435
1.81185
-1.11446
-0.54666
-1.79627
-2.70177
-0.256809
-1.07982
-0.911192
0.313463
-2.05333
1.33012
0.717052
1.11261
-0.345203
-0.0101362
0.181101
-0.232609
0.831894
-0.961835
-0.692341
0.091966
-0.428322
0.538859
-0.145438
0.71172
-0.0721625
-1.60154
0.0481745
1.462
-0.117196
0.365738
-0.784178
-0.647813
0.756186
2.77299
-0.219033
-0.755372
-0.873376
1.01046
-0.0849005
0.404296
-2.13856
-0.444309
-0.966461
2.40633
3.04596
0.055375
1.04169
-1.44094
0.120354
1.10991
0.49246
-0.220914
0.238508
0.566128
0.485907
-0.553156
1.11674
0.310892
-0.163011
0.394437
1.14089
0.126907
-1.11204
-0.966217
-0.409947
0.332726
1.36541
-0.38157
-0.14281
0.379596
-2.17211
-0.818667
0.11527
1.3292
0.888146
-0.745538
0.790959
0.333696
-0.643103
-0.764562
-0.677542
0.0895847
0.687004
0.941503
-1.76929
0.754558
1.83897
-1.07463
-3.01574
1.09935
0.447604
-0.313141
-0.231195
0.761287
-1.30319
1.47413
-0.355452
1.02445
0.921202
0.779712
-0.821665
0.382722
0.794834
0.368848
0.649607
-0.00485768
-0.257599
0.620871
0.00654067
0.640377
-0.533913
0.267735
1.20165
-0.0704752
0.84669
1.59332
-0.199485
1.14427
0.179468
0.533736
1.72292
0.747256
0.018552
0.0561412
-1.74249
0.329978
-0.170069
0.906452
-0.602058
0.213551
0.191064
-0.129683
1.5206
0.599492
-0.261793
-0.324732
0.369012
-0.737381
0.763742
-0.860787
-0.428993
0.1145
-1.1971
-2.28977
-0.392205
-0.666803
-0.38816
-0.0949625
1.29394
0.772682
-0.144278
-0.26607
0.60987
0.304876
-0.32917
-1.70991
-1.00957
-0.851407
-1.1536
-1.11403
-0.196052
-1.55095
0.747661
0.885765
-0.00699968
0.0925038
-1.19039
0.945323
-0.851737
0.0464896
1.75235
0.970373
1.12505
0.0754609
0.0694783
-0.654622
-0.169448
0.631108
-1.47051
0.273448
-1.65782
-1.70629
-0.910961
0.432603
-0.790959
1.74951
1.04393
-0.185457
0.122512
-0.382475
0.881019
-0.813331
-1.5764
0.752627
-0.976762
1.11133
-0.996044
0.0592062
1.15181
-0.0625017
-0.663176
-1.58093
-1.21323
-0.248279
-1.24747
1.6803
3.74124
-0.876517
1.01301
-1.53435
0.830921
-1.07969
0.968049
2.7107
-1.71822
-2.94448
-0.776089
0.326748
0.507195
0.489008
-0.208702
0.650174
0.796304
-0.232059
-0.424385
0.0154916
0.410613
-1.09391
0.251041
1.32698
-0.65576
0.885652
0.179546
0.921202
0.143969
-0.912004
-0.136166
1.07204
0.400232
0.505108
-0.869574
0.393362
0.0359238
-0.386182
0.34699
0.676195
1.55606
1.34661
-0.117273
0.645645
0.835793
-0.318126
-0.3375
0.854709
-2.61543
-1.13083
-0.468931
-0.472606
-0.46143
0.46424
1.26959
0.502676
-0.00133873
-0.339201
0.894177
-1.4812
0.748774
2.15855
