0.03 -5.238956866950393e-006 
0.06 -2.629983925357586e-005 
0.09 -6.367606390491468e-005 
0.12 -0.0001024048392546244 
0.15 -0.0001267465032769898 
0.18 -0.0001351054814589386 
0.21 -0.0001410646634525292 
0.24 -0.0001600212394692815 
0.27 -0.0001945549512925145 
0.3 -0.0002324177688444458 
0.3300000000000001 -0.0002465223335557743 
0.3600000000000001 -0.000208973619900029 
0.3900000000000001 -0.0001295945728824751 
0.4200000000000002 -5.746296434593991e-005 
0.4500000000000002 -3.314802926237609e-005 
0.4800000000000002 -5.060485468564831e-005 
0.5100000000000002 -6.446210397237651e-005 
0.5400000000000003 -3.42802949284777e-005 
0.5700000000000003 3.73451214562036e-005 
0.6000000000000003 0.0001086868315166561 
0.6300000000000003 0.0001359763546959526 
0.6600000000000004 0.00011117927534089 
0.6900000000000004 7.210956386280104e-005 
0.7200000000000004 6.881635162821285e-005 
0.7500000000000004 0.0001158098064626514 
0.7800000000000005 0.0001795246949072745 
0.8100000000000005 0.0002117004081707519 
0.8400000000000005 0.0001955452806188398 
0.8700000000000006 0.0001605689093704224 
0.9000000000000006 0.0001530997294468091 
0.9300000000000006 0.0001740170445029838 
0.9600000000000006 0.0001615863004984397 
0.9900000000000007 6.984598292400775e-005 
1.020000000000001 -7.056745130561383e-005 
1.050000000000001 -0.0001839870170584832 
1.080000000000001 -0.0002228347975716407 
1.110000000000001 -0.0002117017063354896 
1.140000000000001 -0.0002216500111702596 
1.170000000000001 -0.0003014028536198066 
1.200000000000001 -0.000431987406248975 
1.230000000000001 -0.0005130870930658806 
1.260000000000001 -0.0004268303127933164 
1.290000000000001 -0.0001838038692203059 
1.320000000000001 5.740631221348181e-005 
1.350000000000001 0.000145265091455405 
1.380000000000001 7.845256333609662e-005 
1.410000000000001 2.062547347259157e-006 
1.440000000000001 6.537390421396783e-005 
1.470000000000001 0.0002804434868140383 
1.500000000000001 0.0005153101457248068 
1.530000000000001 0.0005945118051596692 
1.560000000000001 0.000437388951880468 
1.590000000000001 0.0001604305698592435 
1.620000000000001 -1.0387601714928e-005 
1.650000000000001 4.286922088209467e-005 
1.680000000000001 0.0002221227920141951 
1.710000000000001 0.0003133585837543025 
1.740000000000001 0.0001930511490677514 
1.770000000000001 -5.798308606776773e-005 
1.800000000000001 -0.0002379348656490953 
1.830000000000001 -0.0002198927293339722 
1.860000000000001 -7.026969349722873e-005 
1.890000000000002 2.139045963189386e-005 
1.920000000000002 -7.323143637567258e-005 
1.950000000000002 -0.0003018567865723265 
1.980000000000002 -0.0004871538809456641 
2.010000000000002 -0.0004987559129772535 
2.040000000000001 -0.0003750513016958533 
2.070000000000001 -0.0002811818403742937 
2.100000000000001 -0.0003485031361419968 
2.130000000000001 -0.0005089478752809014 
2.160000000000001 -0.000523677086641475 
2.19 -0.0002573087746071329 
2.22 0.0001549775601591253 
2.25 0.0004444615586761115 
2.28 0.000467668774960098 
2.31 0.0003379331055051323 
2.339999999999999 0.0003095116072968462 
2.369999999999999 0.0005322365033884005 
2.399999999999999 0.0009132361782481329 
2.429999999999999 0.001146046562603785 
2.459999999999999 0.0009408716374903009 
2.489999999999998 0.0003651998770005419 
2.519999999999998 -0.0001651388876609782 
2.549999999999998 -0.0002911957009348748 
2.579999999999998 -4.867244204766384e-005 
2.609999999999998 0.0001791327979957366 
2.639999999999998 3.573729214512514e-005 
2.669999999999997 -0.0004720793483455636 
2.699999999999997 -0.0009929045767188851 
2.729999999999997 -0.001026172025491322 
2.759999999999997 -0.0002522161896490678 
2.789999999999997 0.001022643621383718 
2.819999999999996 0.002028369209165679 
2.849999999999996 0.002275501250295435 
2.879999999999996 0.002008913274273853 
2.909999999999996 0.001951391785842774 
2.939999999999996 0.002603576729871938 
2.969999999999995 0.003777662386173442 
2.999999999999995 0.004798269715430332 
