D:\CMAKE\TEST43\BUILD\CMAKEFILES\GENERATE.STAMP
D:\CMAKE\TEST43\BUILD\DEBUG\ORS.EXE
D:\CMAKE\TEST43\BUILD\DEBUG\ORS.ILK
D:\CMAKE\TEST43\BUILD\DEBUG\ORS.PDB
D:\CMAKE\TEST43\BUILD\ORS.DIR\DEBUG\ADKZHANGMERITFUNCTIONCHECK.OBJ
D:\CMAKE\TEST43\BUILD\ORS.DIR\DEBUG\ARMIJOSTEPSIZERULE.OBJ
D:\CMAKE\TEST43\BUILD\ORS.DIR\DEBUG\ARRAYOFTAGGEDOBJECTS.OBJ
D:\CMAKE\TEST43\BUILD\ORS.DIR\DEBUG\ARRAYOFTAGGEDOBJECTSITER.OBJ
D:\CMAKE\TEST43\BUILD\ORS.DIR\DEBUG\BASICGFUNEVALUATOR.OBJ
D:\CMAKE\TEST43\BUILD\ORS.DIR\DEBUG\BASICS.OBJ
D:\CMAKE\TEST43\BUILD\ORS.DIR\DEBUG\BETARV.OBJ
D:\CMAKE\TEST43\BUILD\ORS.DIR\DEBUG\BJMATRIX.OBJ
D:\CMAKE\TEST43\BUILD\ORS.DIR\DEBUG\BJTENSOR.OBJ
D:\CMAKE\TEST43\BUILD\ORS.DIR\DEBUG\CHISQUARERV.OBJ
D:\Cmake\test43\build\ORS.dir\Debug\cl.command.1.tlog
D:\Cmake\test43\build\ORS.dir\Debug\CL.read.1.tlog
D:\Cmake\test43\build\ORS.dir\Debug\CL.write.1.tlog
D:\CMAKE\TEST43\BUILD\ORS.DIR\DEBUG\CONSTANTMODULATINGFUNCTION.OBJ
D:\CMAKE\TEST43\BUILD\ORS.DIR\DEBUG\CORRELATIONCOEFFICIENT.OBJ
D:\CMAKE\TEST43\BUILD\ORS.DIR\DEBUG\CSTDLIBRANDGENERATOR.OBJ
D:\CMAKE\TEST43\BUILD\ORS.DIR\DEBUG\CURVATURESBYSEARCHALGORITHM.OBJ
D:\Cmake\test43\build\ORS.dir\Debug\custombuild.command.1.tlog
D:\Cmake\test43\build\ORS.dir\Debug\custombuild.read.1.tlog
D:\Cmake\test43\build\ORS.dir\Debug\custombuild.write.1.tlog
D:\CMAKE\TEST43\BUILD\ORS.DIR\DEBUG\DELTAFILTER.OBJ
D:\CMAKE\TEST43\BUILD\ORS.DIR\DEBUG\EXPONENTIALRV.OBJ
D:\CMAKE\TEST43\BUILD\ORS.DIR\DEBUG\FILTER.OBJ
D:\CMAKE\TEST43\BUILD\ORS.DIR\DEBUG\FINDCURVATURES.OBJ
D:\CMAKE\TEST43\BUILD\ORS.DIR\DEBUG\FINDDESIGNPOINTALGORITHM.OBJ
D:\CMAKE\TEST43\BUILD\ORS.DIR\DEBUG\FINITEDIFFERENCEGRADGEVALUATOR.OBJ
D:\CMAKE\TEST43\BUILD\ORS.DIR\DEBUG\FIRSTPRINCIPALCURVATURE.OBJ
D:\CMAKE\TEST43\BUILD\ORS.DIR\DEBUG\FIXEDSTEPSIZERULE.OBJ
D:\CMAKE\TEST43\BUILD\ORS.DIR\DEBUG\FORMANALYSIS.OBJ
D:\CMAKE\TEST43\BUILD\ORS.DIR\DEBUG\FOSMANALYSIS.OBJ
D:\CMAKE\TEST43\BUILD\ORS.DIR\DEBUG\GAMMAMODULATINGFUNCTION.OBJ
D:\CMAKE\TEST43\BUILD\ORS.DIR\DEBUG\GAMMARV.OBJ
D:\CMAKE\TEST43\BUILD\ORS.DIR\DEBUG\GFUNEVALUATOR.OBJ
D:\CMAKE\TEST43\BUILD\ORS.DIR\DEBUG\GFUNVISUALIZATIONANALYSIS.OBJ
D:\CMAKE\TEST43\BUILD\ORS.DIR\DEBUG\GRADGEVALUATOR.OBJ
D:\CMAKE\TEST43\BUILD\ORS.DIR\DEBUG\GRADIENTPROJECTIONSEARCHDIRECTION.OBJ
D:\CMAKE\TEST43\BUILD\ORS.DIR\DEBUG\GUMBELRV.OBJ
D:\CMAKE\TEST43\BUILD\ORS.DIR\DEBUG\HESSIANAPPROXIMATION.OBJ
D:\CMAKE\TEST43\BUILD\ORS.DIR\DEBUG\HLRFSEARCHDIRECTION.OBJ
D:\CMAKE\TEST43\BUILD\ORS.DIR\DEBUG\IMPORTANCESAMPLINGANALYSIS.OBJ
D:\CMAKE\TEST43\BUILD\ORS.DIR\DEBUG\JONSWAPSPECTRUM.OBJ
D:\CMAKE\TEST43\BUILD\ORS.DIR\DEBUG\KOOFILTER.OBJ
D:\CMAKE\TEST43\BUILD\ORS.DIR\DEBUG\KOOMODULATINGFUNCTION.OBJ
D:\CMAKE\TEST43\BUILD\ORS.DIR\DEBUG\LAPLACERV.OBJ
D:\CMAKE\TEST43\BUILD\ORS.DIR\DEBUG\LIMITSTATEFUNCTION.OBJ
D:\Cmake\test43\build\ORS.dir\Debug\link.11348.read.1.tlog
D:\Cmake\test43\build\ORS.dir\Debug\link.11348.write.1.tlog
D:\Cmake\test43\build\ORS.dir\Debug\link.11348-cvtres.read.1.tlog
D:\Cmake\test43\build\ORS.dir\Debug\link.11348-cvtres.write.1.tlog
D:\Cmake\test43\build\ORS.dir\Debug\link.20844.read.1.tlog
D:\Cmake\test43\build\ORS.dir\Debug\link.20844.write.1.tlog
D:\Cmake\test43\build\ORS.dir\Debug\link.20844-cvtres.read.1.tlog
D:\Cmake\test43\build\ORS.dir\Debug\link.20844-cvtres.write.1.tlog
D:\Cmake\test43\build\ORS.dir\Debug\link.command.1.tlog
D:\Cmake\test43\build\ORS.dir\Debug\link.read.1.tlog
D:\Cmake\test43\build\ORS.dir\Debug\link.write.1.tlog
D:\Cmake\test43\build\ORS.dir\Debug\link-cvtres.read.1.tlog
D:\Cmake\test43\build\ORS.dir\Debug\link-cvtres.write.1.tlog
D:\CMAKE\TEST43\BUILD\ORS.DIR\DEBUG\LOGNORMALRV.OBJ
D:\CMAKE\TEST43\BUILD\ORS.DIR\DEBUG\MARKOVCHAINGENERATOR.OBJ
D:\CMAKE\TEST43\BUILD\ORS.DIR\DEBUG\MATRIX.OBJ
D:\CMAKE\TEST43\BUILD\ORS.DIR\DEBUG\MATRIXOPERATIONS.OBJ
D:\CMAKE\TEST43\BUILD\ORS.DIR\DEBUG\MERITFUNCTIONCHECK.OBJ
D:\CMAKE\TEST43\BUILD\ORS.DIR\DEBUG\MERSENNETWISTER.OBJ
D:\CMAKE\TEST43\BUILD\ORS.DIR\DEBUG\MODULATINGFUNCTION.OBJ
D:\CMAKE\TEST43\BUILD\ORS.DIR\DEBUG\MONTECARLORESPONSEANALYSIS.OBJ
D:\CMAKE\TEST43\BUILD\ORS.DIR\DEBUG\MOVABLEOBJECT.OBJ
D:\Cmake\test43\build\ORS.dir\Debug\mt.command.1.tlog
D:\Cmake\test43\build\ORS.dir\Debug\mt.read.1.tlog
D:\Cmake\test43\build\ORS.dir\Debug\mt.write.1.tlog
D:\CMAKE\TEST43\BUILD\ORS.DIR\DEBUG\NARROWBANDSPECTRUM.OBJ
D:\CMAKE\TEST43\BUILD\ORS.DIR\DEBUG\NATAFPROBABILITYTRANSFORMATION.OBJ
D:\CMAKE\TEST43\BUILD\ORS.DIR\DEBUG\NDARRAY.OBJ
D:\CMAKE\TEST43\BUILD\ORS.DIR\DEBUG\NORMALRV.OBJ
D:\CMAKE\TEST43\BUILD\ORS.DIR\DEBUG\OPENSEESGFUNEVALUATOR.OBJ
D:\CMAKE\TEST43\BUILD\ORS.DIR\DEBUG\OPS_STREAM.OBJ
D:\CMAKE\TEST43\BUILD\ORS.DIR\DEBUG\OPTIMALITYCONDITIONRELIABILITYCONVERGENCECHECK.OBJ
D:\CMAKE\TEST43\BUILD\ORS.DIR\DEBUG\ORS.EXE.EMBED.MANIFEST
D:\CMAKE\TEST43\BUILD\ORS.DIR\DEBUG\ORS.EXE.EMBED.MANIFEST.RES
D:\CMAKE\TEST43\BUILD\ORS.DIR\DEBUG\ORS.EXE.INTERMEDIATE.MANIFEST
D:\Cmake\test43\build\ORS.dir\Debug\ORS.write.1.tlog
D:\Cmake\test43\build\ORS.dir\Debug\ORS_manifest.rc
D:\CMAKE\TEST43\BUILD\ORS.DIR\DEBUG\ORTHOGONALPLANESAMPLINGANALYSIS.OBJ
D:\CMAKE\TEST43\BUILD\ORS.DIR\DEBUG\OUTCROSSINGANALYSIS.OBJ
D:\CMAKE\TEST43\BUILD\ORS.DIR\DEBUG\PARAMETRICRELIABILITYANALYSIS.OBJ
D:\CMAKE\TEST43\BUILD\ORS.DIR\DEBUG\PARETORV.OBJ
D:\CMAKE\TEST43\BUILD\ORS.DIR\DEBUG\POINTSSPECTRUM.OBJ
D:\CMAKE\TEST43\BUILD\ORS.DIR\DEBUG\POLAKHESEARCHDIRECTIONANDMERITFUNCTION.OBJ
D:\CMAKE\TEST43\BUILD\ORS.DIR\DEBUG\PROBABILITYTRANSFORMATION.OBJ
D:\CMAKE\TEST43\BUILD\ORS.DIR\DEBUG\RANDOMNUMBERGENERATOR.OBJ
D:\CMAKE\TEST43\BUILD\ORS.DIR\DEBUG\RANDOMVARIABLE.OBJ
D:\CMAKE\TEST43\BUILD\ORS.DIR\DEBUG\RAYLEIGHRV.OBJ
D:\Cmake\test43\build\ORS.dir\Debug\rc.command.1.tlog
D:\Cmake\test43\build\ORS.dir\Debug\rc.read.1.tlog
D:\Cmake\test43\build\ORS.dir\Debug\rc.write.1.tlog
D:\CMAKE\TEST43\BUILD\ORS.DIR\DEBUG\RELIABILITY.OBJ
D:\CMAKE\TEST43\BUILD\ORS.DIR\DEBUG\RELIABILITYANALYSIS.OBJ
D:\CMAKE\TEST43\BUILD\ORS.DIR\DEBUG\RELIABILITYCONVERGENCECHECK.OBJ
D:\CMAKE\TEST43\BUILD\ORS.DIR\DEBUG\RELIABILITYDOMAIN.OBJ
D:\CMAKE\TEST43\BUILD\ORS.DIR\DEBUG\RELIABILITYDOMAINCOMPONENT.OBJ
D:\CMAKE\TEST43\BUILD\ORS.DIR\DEBUG\ROOTFINDING.OBJ
D:\CMAKE\TEST43\BUILD\ORS.DIR\DEBUG\SAFEGUARDEDZEROFINDINGALGORITHM.OBJ
D:\CMAKE\TEST43\BUILD\ORS.DIR\DEBUG\SAMPLINGANALYSIS.OBJ
D:\CMAKE\TEST43\BUILD\ORS.DIR\DEBUG\SEARCHDIRECTION.OBJ
D:\CMAKE\TEST43\BUILD\ORS.DIR\DEBUG\SEARCHWITHSTEPSIZEANDSTEPDIRECTION.OBJ
D:\CMAKE\TEST43\BUILD\ORS.DIR\DEBUG\SECANTROOTFINDING.OBJ
D:\CMAKE\TEST43\BUILD\ORS.DIR\DEBUG\SHIFTEDEXPONENTIALRV.OBJ
D:\CMAKE\TEST43\BUILD\ORS.DIR\DEBUG\SHIFTEDRAYLEIGHRV.OBJ
D:\CMAKE\TEST43\BUILD\ORS.DIR\DEBUG\SORMANALYSIS.OBJ
D:\CMAKE\TEST43\BUILD\ORS.DIR\DEBUG\SPECTRUM.OBJ
D:\CMAKE\TEST43\BUILD\ORS.DIR\DEBUG\SQPSEARCHDIRECTIONMERITFUNCTIONANDHESSIAN.OBJ
D:\CMAKE\TEST43\BUILD\ORS.DIR\DEBUG\STANDARDLINEAROSCILLATORACCELERATIONFILTER.OBJ
D:\CMAKE\TEST43\BUILD\ORS.DIR\DEBUG\STANDARDLINEAROSCILLATORDISPLACEMENTFILTER.OBJ
D:\CMAKE\TEST43\BUILD\ORS.DIR\DEBUG\STANDARDLINEAROSCILLATORVELOCITYFILTER.OBJ
D:\CMAKE\TEST43\BUILD\ORS.DIR\DEBUG\STANDARDRELIABILITYCONVERGENCECHECK.OBJ
D:\CMAKE\TEST43\BUILD\ORS.DIR\DEBUG\STEPSIZERULE.OBJ
D:\CMAKE\TEST43\BUILD\ORS.DIR\DEBUG\SUBSETSIMULATIONANALYSIS.OBJ
D:\CMAKE\TEST43\BUILD\ORS.DIR\DEBUG\SYSTEMANALYSIS.OBJ
D:\CMAKE\TEST43\BUILD\ORS.DIR\DEBUG\TAGGEDOBJECT.OBJ
D:\CMAKE\TEST43\BUILD\ORS.DIR\DEBUG\TCLMAIN.OBJ
D:\CMAKE\TEST43\BUILD\ORS.DIR\DEBUG\TCLRELIABILITYBUILDER.OBJ
D:\CMAKE\TEST43\BUILD\ORS.DIR\DEBUG\TRAPEZOIDALMODULATINGFUNCTION.OBJ
D:\CMAKE\TEST43\BUILD\ORS.DIR\DEBUG\TRUNCATEDNORMALRV.OBJ
D:\CMAKE\TEST43\BUILD\ORS.DIR\DEBUG\TYPE1LARGESTVALUERV.OBJ
D:\CMAKE\TEST43\BUILD\ORS.DIR\DEBUG\TYPE1SMALLESTVALUERV.OBJ
D:\CMAKE\TEST43\BUILD\ORS.DIR\DEBUG\TYPE2LARGESTVALUERV.OBJ
D:\CMAKE\TEST43\BUILD\ORS.DIR\DEBUG\TYPE3SMALLESTVALUERV.OBJ
D:\CMAKE\TEST43\BUILD\ORS.DIR\DEBUG\UNIFORMRV.OBJ
D:\CMAKE\TEST43\BUILD\ORS.DIR\DEBUG\VC100.PDB
D:\CMAKE\TEST43\BUILD\ORS.DIR\DEBUG\VECTOR.OBJ
D:\CMAKE\TEST43\BUILD\ORS.DIR\DEBUG\WEIBULLRV.OBJ
D:\CMAKE\TEST43\BUILD\ORS.DIR\DEBUG\ZEROFINDINGALGORITHM.OBJ
