Build started 2020/12/26 19:55:12.
     1>Project "D:\Cmake\test43\build\ORS.vcxproj" on node 2 (rebuild target(s)).
     1>_PrepareForClean:
         Deleting file "ORS.dir\Debug\ORS.lastbuildstate".
       InitializeBuildStatus:
         Creating "ORS.dir\Debug\ORS.unsuccessfulbuild" because "AlwaysCreate" was specified.
       CustomBuild:
         Building Custom Rule D:/Cmake/test43/CMakeLists.txt
       ClCompile:
         D:\新建文件夹\visual studio 2010\VC\bin\CL.exe /c /IC:\Tcl\include /ID:\Cmake\test43 /Zi /nologo /W1 /WX- /Od /Ob0 /Oy- /D WIN32 /D _WINDOWS /D "CMAKE_INTDIR=\"Debug\"" /D _MBCS /Gm- /EHsc /RTC1 /MDd /GS /fp:precise /Zc:wchar_t /Zc:forScope /GR /Fo"ORS.dir\Debug\\" /Fd"ORS.dir\Debug\vc100.pdb" /Gd /TP /analyze- /errorReport:prompt ..\AdkZhangMeritFunctionCheck.cpp ..\ArmijoStepSizeRule.cpp ..\ArrayOfTaggedObjects.cpp ..\ArrayOfTaggedObjectsIter.cpp ..\BJmatrix.cpp ..\BJtensor.cpp ..\BasicGFunEvaluator.cpp ..\BetaRV.cpp ..\CStdLibRandGenerator.cpp ..\ChiSquareRV.cpp ..\ConstantModulatingFunction.cpp ..\CorrelationCoefficient.cpp ..\CurvaturesBySearchAlgorithm.cpp ..\DeltaFilter.cpp ..\ExponentialRV.cpp ..\FORMAnalysis.cpp ..\FOSMAnalysis.cpp ..\Filter.cpp ..\FindCurvatures.cpp ..\FindDesignPointAlgorithm.cpp ..\FiniteDifferenceGradGEvaluator.cpp ..\FirstPrincipalCurvature.cpp ..\FixedStepSizeRule.cpp ..\GFunEvaluator.cpp ..\GFunVisualizationAnalysis.cpp ..\GammaModulatingFunction.cpp ..\GammaRV.cpp ..\GradGEvaluator.cpp ..\GradientProjectionSearchDirection.cpp ..\GumbelRV.cpp ..\HLRFSearchDirection.cpp ..\HessianApproximation.cpp ..\ImportanceSamplingAnalysis.cpp ..\JonswapSpectrum.cpp ..\KooFilter.cpp ..\KooModulatingFunction.cpp ..\LaplaceRV.cpp ..\LimitStateFunction.cpp ..\LognormalRV.cpp ..\MarkovChainGenerator.cpp ..\Matrix.cpp ..\MatrixOperations.cpp ..\MeritFunctionCheck.cpp ..\MersenneTwister.cpp ..\ModulatingFunction.cpp ..\MonteCarloResponseAnalysis.cpp ..\MovableObject.cpp ..\NarrowBandSpectrum.cpp ..\NatafProbabilityTransformation.cpp ..\NormalRV.cpp ..\OPS_Stream.cpp ..\OpenSeesGFunEvaluator.cpp ..\OptimalityConditionReliabilityConvergenceCheck.cpp ..\OrthogonalPlaneSamplingAnalysis.cpp ..\OutCrossingAnalysis.cpp ..\ParametricReliabilityAnalysis.cpp ..\ParetoRV.cpp ..\PointsSpectrum.cpp ..\PolakHeSearchDirectionAndMeritFunction.cpp ..\ProbabilityTransformation.cpp ..\RandomNumberGenerator.cpp ..\RandomVariable.cpp ..\RayleighRV.cpp ..\ReliabilityAnalysis.cpp ..\ReliabilityConvergenceCheck.cpp ..\ReliabilityDomain.cpp ..\ReliabilityDomainComponent.cpp ..\RootFinding.cpp ..\SORMAnalysis.cpp ..\SQPsearchDirectionMeritFunctionAndHessian.cpp ..\SafeGuardedZeroFindingAlgorithm.cpp ..\SamplingAnalysis.cpp ..\SearchDirection.cpp ..\SearchWithStepSizeAndStepDirection.cpp ..\SecantRootFinding.cpp ..\ShiftedExponentialRV.cpp ..\ShiftedRayleighRV.cpp ..\Spectrum.cpp ..\StandardLinearOscillatorAccelerationFilter.cpp ..\StandardLinearOscillatorDisplacementFilter.cpp ..\StandardLinearOscillatorVelocityFilter.cpp ..\StandardReliabilityConvergenceCheck.cpp ..\StepSizeRule.cpp ..\SubsetSimulationAnalysis.cpp ..\SystemAnalysis.cpp ..\TaggedObject.cpp ..\TclMain.cpp ..\TclReliabilityBuilder.cpp ..\TrapezoidalModulatingFunction.cpp ..\TruncatedNormalRV.cpp ..\Type1LargestValueRV.cpp ..\Type1SmallestValueRV.cpp ..\Type2LargestValueRV.cpp ..\Type3SmallestValueRV.cpp ..\UniformRV.cpp ..\Vector.cpp ..\WeibullRV.cpp ..\ZeroFindingAlgorithm.cpp ..\basics.cpp ..\nDarray.cpp ..\reliability.cpp
         AdkZhangMeritFunctionCheck.cpp
         ArmijoStepSizeRule.cpp
         ArrayOfTaggedObjects.cpp
     1>..\ArrayOfTaggedObjects.cpp(47): warning C4355: 'this' : used in base member initializer list
         ArrayOfTaggedObjectsIter.cpp
         BJmatrix.cpp
         BJtensor.cpp
         BasicGFunEvaluator.cpp
         BetaRV.cpp
         CStdLibRandGenerator.cpp
         ChiSquareRV.cpp
         ConstantModulatingFunction.cpp
         CorrelationCoefficient.cpp
         CurvaturesBySearchAlgorithm.cpp
         DeltaFilter.cpp
         ExponentialRV.cpp
         FORMAnalysis.cpp
         FOSMAnalysis.cpp
         Filter.cpp
         FindCurvatures.cpp
         FindDesignPointAlgorithm.cpp
         Generating Code...
         Compiling...
         FiniteDifferenceGradGEvaluator.cpp
         FirstPrincipalCurvature.cpp
         FixedStepSizeRule.cpp
         GFunEvaluator.cpp
         GFunVisualizationAnalysis.cpp
         GammaModulatingFunction.cpp
         GammaRV.cpp
         GradGEvaluator.cpp
         GradientProjectionSearchDirection.cpp
         GumbelRV.cpp
         HLRFSearchDirection.cpp
         HessianApproximation.cpp
         ImportanceSamplingAnalysis.cpp
         JonswapSpectrum.cpp
         KooFilter.cpp
         KooModulatingFunction.cpp
         LaplaceRV.cpp
         LimitStateFunction.cpp
         LognormalRV.cpp
         MarkovChainGenerator.cpp
         Generating Code...
         Compiling...
         Matrix.cpp
         MatrixOperations.cpp
         MeritFunctionCheck.cpp
         MersenneTwister.cpp
         ModulatingFunction.cpp
     1>..\ModulatingFunction.cpp(34): warning C4067: unexpected tokens following preprocessor directive - expected a newline
         MonteCarloResponseAnalysis.cpp
         MovableObject.cpp
         NarrowBandSpectrum.cpp
         NatafProbabilityTransformation.cpp
         NormalRV.cpp
         OPS_Stream.cpp
         OpenSeesGFunEvaluator.cpp
         OptimalityConditionReliabilityConvergenceCheck.cpp
         OrthogonalPlaneSamplingAnalysis.cpp
         OutCrossingAnalysis.cpp
         ParametricReliabilityAnalysis.cpp
     1>..\ParametricReliabilityAnalysis.cpp(34): warning C4067: unexpected tokens following preprocessor directive - expected a newline
         ParetoRV.cpp
         PointsSpectrum.cpp
         PolakHeSearchDirectionAndMeritFunction.cpp
         ProbabilityTransformation.cpp
         Generating Code...
         Compiling...
         RandomNumberGenerator.cpp
         RandomVariable.cpp
         RayleighRV.cpp
         ReliabilityAnalysis.cpp
         ReliabilityConvergenceCheck.cpp
         ReliabilityDomain.cpp
         ReliabilityDomainComponent.cpp
         RootFinding.cpp
         SORMAnalysis.cpp
         SQPsearchDirectionMeritFunctionAndHessian.cpp
         SafeGuardedZeroFindingAlgorithm.cpp
         SamplingAnalysis.cpp
         SearchDirection.cpp
         SearchWithStepSizeAndStepDirection.cpp
         SecantRootFinding.cpp
         ShiftedExponentialRV.cpp
         ShiftedRayleighRV.cpp
         Spectrum.cpp
         StandardLinearOscillatorAccelerationFilter.cpp
         StandardLinearOscillatorDisplacementFilter.cpp
         Generating Code...
         Compiling...
         StandardLinearOscillatorVelocityFilter.cpp
         StandardReliabilityConvergenceCheck.cpp
         StepSizeRule.cpp
         SubsetSimulationAnalysis.cpp
         SystemAnalysis.cpp
         TaggedObject.cpp
         TclMain.cpp
         TclReliabilityBuilder.cpp
         TrapezoidalModulatingFunction.cpp
         TruncatedNormalRV.cpp
         Type1LargestValueRV.cpp
         Type1SmallestValueRV.cpp
         Type2LargestValueRV.cpp
         Type3SmallestValueRV.cpp
         UniformRV.cpp
         Vector.cpp
         WeibullRV.cpp
         ZeroFindingAlgorithm.cpp
         basics.cpp
         nDarray.cpp
         Generating Code...
         Compiling...
         reliability.cpp
         Generating Code...
       ManifestResourceCompile:
         C:\Program Files (x86)\Microsoft SDKs\Windows\v7.0A\bin\rc.exe /nologo /fo"ORS.dir\Debug\ORS.exe.embed.manifest.res" ORS.dir\Debug\ORS_manifest.rc 
       Link:
         D:\新建文件夹\visual studio 2010\VC\bin\link.exe /ERRORREPORT:PROMPT /OUT:"D:\Cmake\test43\build\Debug\ORS.exe" /INCREMENTAL /NOLOGO /LIBPATH:C:/Tcl/lib /LIBPATH:C:/Tcl/lib/Debug /LIBPATH:D:/Cmake/test43 /LIBPATH:D:/Cmake/test43/Debug tcl84.lib vcf2c2.lib tcl85.lib tclstub84.lib tk84.lib tkstub84.lib tclstub85.lib tk85.lib tkstub85.lib kernel32.lib user32.lib gdi32.lib winspool.lib shell32.lib ole32.lib oleaut32.lib uuid.lib comdlg32.lib advapi32.lib /MANIFEST /ManifestFile:"ORS.dir\Debug\ORS.exe.intermediate.manifest" /MANIFESTUAC:"level='asInvoker' uiAccess='false'" /DEBUG /PDB:"D:/Cmake/test43/build/Debug/ORS.pdb" /SUBSYSTEM:CONSOLE /TLBID:1 /DYNAMICBASE /NXCOMPAT /IMPLIB:"D:/Cmake/test43/build/Debug/ORS.lib" /MACHINE:X86 ORS.dir\Debug\ORS.exe.embed.manifest.res
         ORS.dir\Debug\AdkZhangMeritFunctionCheck.obj
         ORS.dir\Debug\ArmijoStepSizeRule.obj
         ORS.dir\Debug\ArrayOfTaggedObjects.obj
         ORS.dir\Debug\ArrayOfTaggedObjectsIter.obj
         ORS.dir\Debug\BJmatrix.obj
         ORS.dir\Debug\BJtensor.obj
         ORS.dir\Debug\BasicGFunEvaluator.obj
         ORS.dir\Debug\BetaRV.obj
         ORS.dir\Debug\CStdLibRandGenerator.obj
         ORS.dir\Debug\ChiSquareRV.obj
         ORS.dir\Debug\ConstantModulatingFunction.obj
         ORS.dir\Debug\CorrelationCoefficient.obj
         ORS.dir\Debug\CurvaturesBySearchAlgorithm.obj
         ORS.dir\Debug\DeltaFilter.obj
         ORS.dir\Debug\ExponentialRV.obj
         ORS.dir\Debug\FORMAnalysis.obj
         ORS.dir\Debug\FOSMAnalysis.obj
         ORS.dir\Debug\Filter.obj
         ORS.dir\Debug\FindCurvatures.obj
         ORS.dir\Debug\FindDesignPointAlgorithm.obj
         ORS.dir\Debug\FiniteDifferenceGradGEvaluator.obj
         ORS.dir\Debug\FirstPrincipalCurvature.obj
         ORS.dir\Debug\FixedStepSizeRule.obj
         ORS.dir\Debug\GFunEvaluator.obj
         ORS.dir\Debug\GFunVisualizationAnalysis.obj
         ORS.dir\Debug\GammaModulatingFunction.obj
         ORS.dir\Debug\GammaRV.obj
         ORS.dir\Debug\GradGEvaluator.obj
         ORS.dir\Debug\GradientProjectionSearchDirection.obj
         ORS.dir\Debug\GumbelRV.obj
         ORS.dir\Debug\HLRFSearchDirection.obj
         ORS.dir\Debug\HessianApproximation.obj
         ORS.dir\Debug\ImportanceSamplingAnalysis.obj
         ORS.dir\Debug\JonswapSpectrum.obj
         ORS.dir\Debug\KooFilter.obj
         ORS.dir\Debug\KooModulatingFunction.obj
         ORS.dir\Debug\LaplaceRV.obj
         ORS.dir\Debug\LimitStateFunction.obj
         ORS.dir\Debug\LognormalRV.obj
         ORS.dir\Debug\MarkovChainGenerator.obj
         ORS.dir\Debug\Matrix.obj
         ORS.dir\Debug\MatrixOperations.obj
         ORS.dir\Debug\MeritFunctionCheck.obj
         ORS.dir\Debug\MersenneTwister.obj
         ORS.dir\Debug\ModulatingFunction.obj
         ORS.dir\Debug\MonteCarloResponseAnalysis.obj
         ORS.dir\Debug\MovableObject.obj
         ORS.dir\Debug\NarrowBandSpectrum.obj
         ORS.dir\Debug\NatafProbabilityTransformation.obj
         ORS.dir\Debug\NormalRV.obj
         ORS.dir\Debug\OPS_Stream.obj
         ORS.dir\Debug\OpenSeesGFunEvaluator.obj
         ORS.dir\Debug\OptimalityConditionReliabilityConvergenceCheck.obj
         ORS.dir\Debug\OrthogonalPlaneSamplingAnalysis.obj
         ORS.dir\Debug\OutCrossingAnalysis.obj
         ORS.dir\Debug\ParametricReliabilityAnalysis.obj
         ORS.dir\Debug\ParetoRV.obj
         ORS.dir\Debug\PointsSpectrum.obj
         ORS.dir\Debug\PolakHeSearchDirectionAndMeritFunction.obj
         ORS.dir\Debug\ProbabilityTransformation.obj
         ORS.dir\Debug\RandomNumberGenerator.obj
         ORS.dir\Debug\RandomVariable.obj
         ORS.dir\Debug\RayleighRV.obj
         ORS.dir\Debug\ReliabilityAnalysis.obj
         ORS.dir\Debug\ReliabilityConvergenceCheck.obj
         ORS.dir\Debug\ReliabilityDomain.obj
         ORS.dir\Debug\ReliabilityDomainComponent.obj
         ORS.dir\Debug\RootFinding.obj
         ORS.dir\Debug\SORMAnalysis.obj
         ORS.dir\Debug\SQPsearchDirectionMeritFunctionAndHessian.obj
         ORS.dir\Debug\SafeGuardedZeroFindingAlgorithm.obj
         ORS.dir\Debug\SamplingAnalysis.obj
         ORS.dir\Debug\SearchDirection.obj
         ORS.dir\Debug\SearchWithStepSizeAndStepDirection.obj
         ORS.dir\Debug\SecantRootFinding.obj
         ORS.dir\Debug\ShiftedExponentialRV.obj
         ORS.dir\Debug\ShiftedRayleighRV.obj
         ORS.dir\Debug\Spectrum.obj
         ORS.dir\Debug\StandardLinearOscillatorAccelerationFilter.obj
         ORS.dir\Debug\StandardLinearOscillatorDisplacementFilter.obj
         ORS.dir\Debug\StandardLinearOscillatorVelocityFilter.obj
         ORS.dir\Debug\StandardReliabilityConvergenceCheck.obj
         ORS.dir\Debug\StepSizeRule.obj
         ORS.dir\Debug\SubsetSimulationAnalysis.obj
         ORS.dir\Debug\SystemAnalysis.obj
         ORS.dir\Debug\TaggedObject.obj
         ORS.dir\Debug\TclMain.obj
         ORS.dir\Debug\TclReliabilityBuilder.obj
         ORS.dir\Debug\TrapezoidalModulatingFunction.obj
         ORS.dir\Debug\TruncatedNormalRV.obj
         ORS.dir\Debug\Type1LargestValueRV.obj
         ORS.dir\Debug\Type1SmallestValueRV.obj
         ORS.dir\Debug\Type2LargestValueRV.obj
         ORS.dir\Debug\Type3SmallestValueRV.obj
         ORS.dir\Debug\UniformRV.obj
         ORS.dir\Debug\Vector.obj
         ORS.dir\Debug\WeibullRV.obj
         ORS.dir\Debug\ZeroFindingAlgorithm.obj
         ORS.dir\Debug\basics.obj
         ORS.dir\Debug\nDarray.obj
         ORS.dir\Debug\reliability.obj  /machine:X86
       Manifest:
         Deleting file "ORS.dir\Debug\ORS.exe.embed.manifest".
         C:\Program Files (x86)\Microsoft SDKs\Windows\v7.0A\bin\mt.exe /nologo /verbose /out:"ORS.dir\Debug\ORS.exe.embed.manifest" /manifest ORS.dir\Debug\ORS.exe.intermediate.manifest
         C:\Program Files (x86)\Microsoft SDKs\Windows\v7.0A\bin\rc.exe /nologo /fo"ORS.dir\Debug\ORS.exe.embed.manifest.res" ORS.dir\Debug\ORS_manifest.rc 
       LinkEmbedManifest:
         D:\新建文件夹\visual studio 2010\VC\bin\link.exe /ERRORREPORT:PROMPT /OUT:"D:\Cmake\test43\build\Debug\ORS.exe" /INCREMENTAL /NOLOGO /LIBPATH:C:/Tcl/lib /LIBPATH:C:/Tcl/lib/Debug /LIBPATH:D:/Cmake/test43 /LIBPATH:D:/Cmake/test43/Debug tcl84.lib vcf2c2.lib tcl85.lib tclstub84.lib tk84.lib tkstub84.lib tclstub85.lib tk85.lib tkstub85.lib kernel32.lib user32.lib gdi32.lib winspool.lib shell32.lib ole32.lib oleaut32.lib uuid.lib comdlg32.lib advapi32.lib /MANIFEST /ManifestFile:"ORS.dir\Debug\ORS.exe.intermediate.manifest" /MANIFESTUAC:"level='asInvoker' uiAccess='false'" /DEBUG /PDB:"D:/Cmake/test43/build/Debug/ORS.pdb" /SUBSYSTEM:CONSOLE /TLBID:1 /DYNAMICBASE /NXCOMPAT /IMPLIB:"D:/Cmake/test43/build/Debug/ORS.lib" /MACHINE:X86 ORS.dir\Debug\ORS.exe.embed.manifest.res
         ORS.dir\Debug\AdkZhangMeritFunctionCheck.obj
         ORS.dir\Debug\ArmijoStepSizeRule.obj
         ORS.dir\Debug\ArrayOfTaggedObjects.obj
         ORS.dir\Debug\ArrayOfTaggedObjectsIter.obj
         ORS.dir\Debug\BJmatrix.obj
         ORS.dir\Debug\BJtensor.obj
         ORS.dir\Debug\BasicGFunEvaluator.obj
         ORS.dir\Debug\BetaRV.obj
         ORS.dir\Debug\CStdLibRandGenerator.obj
         ORS.dir\Debug\ChiSquareRV.obj
         ORS.dir\Debug\ConstantModulatingFunction.obj
         ORS.dir\Debug\CorrelationCoefficient.obj
         ORS.dir\Debug\CurvaturesBySearchAlgorithm.obj
         ORS.dir\Debug\DeltaFilter.obj
         ORS.dir\Debug\ExponentialRV.obj
         ORS.dir\Debug\FORMAnalysis.obj
         ORS.dir\Debug\FOSMAnalysis.obj
         ORS.dir\Debug\Filter.obj
         ORS.dir\Debug\FindCurvatures.obj
         ORS.dir\Debug\FindDesignPointAlgorithm.obj
         ORS.dir\Debug\FiniteDifferenceGradGEvaluator.obj
         ORS.dir\Debug\FirstPrincipalCurvature.obj
         ORS.dir\Debug\FixedStepSizeRule.obj
         ORS.dir\Debug\GFunEvaluator.obj
         ORS.dir\Debug\GFunVisualizationAnalysis.obj
         ORS.dir\Debug\GammaModulatingFunction.obj
         ORS.dir\Debug\GammaRV.obj
         ORS.dir\Debug\GradGEvaluator.obj
         ORS.dir\Debug\GradientProjectionSearchDirection.obj
         ORS.dir\Debug\GumbelRV.obj
         ORS.dir\Debug\HLRFSearchDirection.obj
         ORS.dir\Debug\HessianApproximation.obj
         ORS.dir\Debug\ImportanceSamplingAnalysis.obj
         ORS.dir\Debug\JonswapSpectrum.obj
         ORS.dir\Debug\KooFilter.obj
         ORS.dir\Debug\KooModulatingFunction.obj
         ORS.dir\Debug\LaplaceRV.obj
         ORS.dir\Debug\LimitStateFunction.obj
         ORS.dir\Debug\LognormalRV.obj
         ORS.dir\Debug\MarkovChainGenerator.obj
         ORS.dir\Debug\Matrix.obj
         ORS.dir\Debug\MatrixOperations.obj
         ORS.dir\Debug\MeritFunctionCheck.obj
         ORS.dir\Debug\MersenneTwister.obj
         ORS.dir\Debug\ModulatingFunction.obj
         ORS.dir\Debug\MonteCarloResponseAnalysis.obj
         ORS.dir\Debug\MovableObject.obj
         ORS.dir\Debug\NarrowBandSpectrum.obj
         ORS.dir\Debug\NatafProbabilityTransformation.obj
         ORS.dir\Debug\NormalRV.obj
         ORS.dir\Debug\OPS_Stream.obj
         ORS.dir\Debug\OpenSeesGFunEvaluator.obj
         ORS.dir\Debug\OptimalityConditionReliabilityConvergenceCheck.obj
         ORS.dir\Debug\OrthogonalPlaneSamplingAnalysis.obj
         ORS.dir\Debug\OutCrossingAnalysis.obj
         ORS.dir\Debug\ParametricReliabilityAnalysis.obj
         ORS.dir\Debug\ParetoRV.obj
         ORS.dir\Debug\PointsSpectrum.obj
         ORS.dir\Debug\PolakHeSearchDirectionAndMeritFunction.obj
         ORS.dir\Debug\ProbabilityTransformation.obj
         ORS.dir\Debug\RandomNumberGenerator.obj
         ORS.dir\Debug\RandomVariable.obj
         ORS.dir\Debug\RayleighRV.obj
         ORS.dir\Debug\ReliabilityAnalysis.obj
         ORS.dir\Debug\ReliabilityConvergenceCheck.obj
         ORS.dir\Debug\ReliabilityDomain.obj
         ORS.dir\Debug\ReliabilityDomainComponent.obj
         ORS.dir\Debug\RootFinding.obj
         ORS.dir\Debug\SORMAnalysis.obj
         ORS.dir\Debug\SQPsearchDirectionMeritFunctionAndHessian.obj
         ORS.dir\Debug\SafeGuardedZeroFindingAlgorithm.obj
         ORS.dir\Debug\SamplingAnalysis.obj
         ORS.dir\Debug\SearchDirection.obj
         ORS.dir\Debug\SearchWithStepSizeAndStepDirection.obj
         ORS.dir\Debug\SecantRootFinding.obj
         ORS.dir\Debug\ShiftedExponentialRV.obj
         ORS.dir\Debug\ShiftedRayleighRV.obj
         ORS.dir\Debug\Spectrum.obj
         ORS.dir\Debug\StandardLinearOscillatorAccelerationFilter.obj
         ORS.dir\Debug\StandardLinearOscillatorDisplacementFilter.obj
         ORS.dir\Debug\StandardLinearOscillatorVelocityFilter.obj
         ORS.dir\Debug\StandardReliabilityConvergenceCheck.obj
         ORS.dir\Debug\StepSizeRule.obj
         ORS.dir\Debug\SubsetSimulationAnalysis.obj
         ORS.dir\Debug\SystemAnalysis.obj
         ORS.dir\Debug\TaggedObject.obj
         ORS.dir\Debug\TclMain.obj
         ORS.dir\Debug\TclReliabilityBuilder.obj
         ORS.dir\Debug\TrapezoidalModulatingFunction.obj
         ORS.dir\Debug\TruncatedNormalRV.obj
         ORS.dir\Debug\Type1LargestValueRV.obj
         ORS.dir\Debug\Type1SmallestValueRV.obj
         ORS.dir\Debug\Type2LargestValueRV.obj
         ORS.dir\Debug\Type3SmallestValueRV.obj
         ORS.dir\Debug\UniformRV.obj
         ORS.dir\Debug\Vector.obj
         ORS.dir\Debug\WeibullRV.obj
         ORS.dir\Debug\ZeroFindingAlgorithm.obj
         ORS.dir\Debug\basics.obj
         ORS.dir\Debug\nDarray.obj
         ORS.dir\Debug\reliability.obj  /machine:X86
         ORS.vcxproj -> D:\Cmake\test43\build\Debug\ORS.exe
       FinalizeBuildStatus:
         Deleting file "ORS.dir\Debug\ORS.unsuccessfulbuild".
         Touching "ORS.dir\Debug\ORS.lastbuildstate".
     1>Done Building Project "D:\Cmake\test43\build\ORS.vcxproj" (rebuild target(s)).

Build succeeded.

Time Elapsed 00:00:22.41
